2019-06-08 18:16:28,720 - INFO - learning rate=0.003 momentum update=0.99 minibatch=100
2019-06-08 18:16:42,011 - DEBUG - Accuracy - epoch 0:  Train=89.517- Test=90.09
2019-06-08 18:17:46,890 - DEBUG - Accuracy - epoch 5:  Train=95.958- Test=95.83
2019-06-08 18:18:51,431 - DEBUG - Accuracy - epoch 10:  Train=97.298- Test=96.82
2019-06-08 18:19:56,478 - DEBUG - Accuracy - epoch 15:  Train=97.872- Test=97.11
2019-06-08 18:21:00,803 - DEBUG - Accuracy - epoch 20:  Train=98.192- Test=97.34
2019-06-08 18:22:05,495 - DEBUG - Accuracy - epoch 25:  Train=98.39- Test=97.48
2019-06-08 18:23:13,085 - DEBUG - Accuracy - epoch 30:  Train=98.55- Test=97.52
2019-06-08 18:24:20,953 - DEBUG - Accuracy - epoch 35:  Train=98.648- Test=97.54
2019-06-08 18:25:19,150 - INFO - Train acc - epoch: 40:  98.702
2019-06-08 18:25:19,810 - INFO - Test acc - epoch:97.61
2019-06-08 18:25:19,810 - DEBUG - ---------------------------------------------------------------------
2019-06-08 18:25:24,720 - INFO - learning rate=0.003 momentum update=0.99 minibatch=100
2019-06-08 18:25:24,721 - INFO - Pruning=10%
2019-06-08 18:25:42,983 - DEBUG - Accuracy - epoch 0:  Train=94.742- Test=94.46
2019-06-08 18:26:49,872 - DEBUG - Accuracy - epoch 5:  Train=97.423- Test=96.85
2019-06-08 18:27:56,903 - DEBUG - Accuracy - epoch 10:  Train=98.053- Test=97.29
2019-06-08 18:29:03,337 - DEBUG - Accuracy - epoch 15:  Train=98.375- Test=97.43
2019-06-08 18:30:11,241 - DEBUG - Accuracy - epoch 20:  Train=98.56- Test=97.62
2019-06-08 18:31:18,542 - DEBUG - Accuracy - epoch 25:  Train=98.695- Test=97.68
2019-06-08 18:32:25,154 - DEBUG - Accuracy - epoch 30:  Train=98.81- Test=97.71
2019-06-08 18:33:30,812 - DEBUG - Accuracy - epoch 35:  Train=98.882- Test=97.72
2019-06-08 18:34:25,484 - INFO - Train acc - epoch: 40:  98.915
2019-06-08 18:34:26,405 - INFO - Test acc - epoch:97.77
2019-06-08 18:34:26,405 - DEBUG - ---------------------------------------------------------------------
2019-06-08 18:34:32,622 - INFO - learning rate=0.003 momentum update=0.99 minibatch=100
2019-06-08 18:34:32,622 - INFO - Pruning=20%
2019-06-08 18:34:50,418 - DEBUG - Accuracy - epoch 0:  Train=92.665- Test=93.0
2019-06-08 18:35:54,073 - DEBUG - Accuracy - epoch 5:  Train=96.452- Test=96.25
2019-06-08 18:36:58,404 - DEBUG - Accuracy - epoch 10:  Train=97.372- Test=96.93
2019-06-08 18:38:03,630 - DEBUG - Accuracy - epoch 15:  Train=97.83- Test=97.12
2019-06-08 18:39:06,574 - DEBUG - Accuracy - epoch 20:  Train=98.1- Test=97.29
2019-06-08 18:40:10,123 - DEBUG - Accuracy - epoch 25:  Train=98.293- Test=97.43
2019-06-08 18:41:13,377 - DEBUG - Accuracy - epoch 30:  Train=98.427- Test=97.47
2019-06-08 18:42:16,836 - DEBUG - Accuracy - epoch 35:  Train=98.512- Test=97.49
2019-06-08 18:43:07,663 - INFO - Train acc - epoch: 40:  98.595
2019-06-08 18:43:08,510 - INFO - Test acc - epoch:97.52
2019-06-08 18:43:08,510 - DEBUG - ---------------------------------------------------------------------
2019-06-08 18:43:14,500 - INFO - learning rate=0.003 momentum update=0.99 minibatch=100
2019-06-08 18:43:14,501 - INFO - Pruning=30%
2019-06-08 18:43:31,999 - DEBUG - Accuracy - epoch 0:  Train=90.692- Test=91.31
2019-06-08 18:44:35,343 - DEBUG - Accuracy - epoch 5:  Train=95.407- Test=95.33
2019-06-08 18:45:38,000 - DEBUG - Accuracy - epoch 10:  Train=96.585- Test=96.18
2019-06-08 18:46:41,562 - DEBUG - Accuracy - epoch 15:  Train=97.168- Test=96.45
2019-06-08 18:47:44,703 - DEBUG - Accuracy - epoch 20:  Train=97.505- Test=96.71
2019-06-08 18:48:48,238 - DEBUG - Accuracy - epoch 25:  Train=97.738- Test=96.85
2019-06-08 18:49:51,000 - DEBUG - Accuracy - epoch 30:  Train=97.9- Test=97.0
2019-06-08 18:50:53,556 - DEBUG - Accuracy - epoch 35:  Train=97.978- Test=97.15
2019-06-08 18:51:43,964 - INFO - Train acc - epoch: 40:  98.057
2019-06-08 18:51:44,832 - INFO - Test acc - epoch:97.19
2019-06-08 18:51:44,832 - DEBUG - ---------------------------------------------------------------------
2019-06-08 18:51:50,862 - INFO - learning rate=0.003 momentum update=0.99 minibatch=100
2019-06-08 18:52:09,084 - DEBUG - Accuracy - epoch 0:  Train=89.853- Test=90.46
2019-06-08 18:53:42,216 - DEBUG - Accuracy - epoch 5:  Train=95.955- Test=95.85
2019-06-08 18:55:15,417 - DEBUG - Accuracy - epoch 10:  Train=97.322- Test=96.89
2019-06-08 18:56:48,642 - DEBUG - Accuracy - epoch 15:  Train=98.033- Test=97.27
2019-06-08 18:58:24,569 - DEBUG - Accuracy - epoch 20:  Train=98.362- Test=97.45
2019-06-08 19:00:02,148 - DEBUG - Accuracy - epoch 25:  Train=98.57- Test=97.59
2019-06-08 19:01:38,715 - DEBUG - Accuracy - epoch 30:  Train=98.703- Test=97.6
2019-06-08 19:03:11,183 - DEBUG - Accuracy - epoch 35:  Train=98.813- Test=97.62
2019-06-08 19:04:31,013 - INFO - Train acc - epoch: 40:  98.883
2019-06-08 19:04:31,976 - INFO - Test acc - epoch:97.65
2019-06-08 19:04:31,976 - DEBUG - ---------------------------------------------------------------------
2019-06-08 19:04:38,437 - INFO - learning rate=0.003 momentum update=0.99 minibatch=100
2019-06-08 19:04:38,437 - INFO - Pruning=10%
2019-06-08 19:05:03,819 - DEBUG - Accuracy - epoch 0:  Train=95.005- Test=94.79
2019-06-08 19:06:35,887 - DEBUG - Accuracy - epoch 5:  Train=97.57- Test=96.86
2019-06-08 19:08:09,573 - DEBUG - Accuracy - epoch 10:  Train=98.25- Test=97.28
2019-06-08 19:09:42,059 - DEBUG - Accuracy - epoch 15:  Train=98.543- Test=97.46
2019-06-08 19:11:14,364 - DEBUG - Accuracy - epoch 20:  Train=98.755- Test=97.64
2019-06-08 19:12:46,687 - DEBUG - Accuracy - epoch 25:  Train=98.893- Test=97.68
2019-06-08 19:14:19,004 - DEBUG - Accuracy - epoch 30:  Train=98.977- Test=97.75
2019-06-08 19:15:51,370 - DEBUG - Accuracy - epoch 35:  Train=99.045- Test=97.78
2019-06-08 19:17:06,234 - INFO - Train acc - epoch: 40:  99.092
2019-06-08 19:17:07,505 - INFO - Test acc - epoch:97.81
2019-06-08 19:17:07,505 - DEBUG - ---------------------------------------------------------------------
2019-06-08 19:17:16,014 - INFO - learning rate=0.003 momentum update=0.99 minibatch=100
2019-06-08 19:17:16,014 - INFO - Pruning=20%
2019-06-08 19:17:41,168 - DEBUG - Accuracy - epoch 0:  Train=92.773- Test=93.07
2019-06-08 19:19:13,828 - DEBUG - Accuracy - epoch 5:  Train=96.718- Test=96.28
2019-06-08 19:20:45,788 - DEBUG - Accuracy - epoch 10:  Train=97.62- Test=97.11
2019-06-08 19:22:17,353 - DEBUG - Accuracy - epoch 15:  Train=98.092- Test=97.39
2019-06-08 19:23:49,106 - DEBUG - Accuracy - epoch 20:  Train=98.373- Test=97.62
2019-06-08 19:25:20,233 - DEBUG - Accuracy - epoch 25:  Train=98.543- Test=97.65
2019-06-08 19:26:51,404 - DEBUG - Accuracy - epoch 30:  Train=98.662- Test=97.7
2019-06-08 19:28:22,546 - DEBUG - Accuracy - epoch 35:  Train=98.768- Test=97.73
2019-06-08 19:29:35,965 - INFO - Train acc - epoch: 40:  98.818
2019-06-08 19:29:37,226 - INFO - Test acc - epoch:97.75
2019-06-08 19:29:37,226 - DEBUG - ---------------------------------------------------------------------
2019-06-08 19:29:45,773 - INFO - learning rate=0.003 momentum update=0.99 minibatch=100
2019-06-08 19:29:45,773 - INFO - Pruning=30%
2019-06-08 19:30:10,746 - DEBUG - Accuracy - epoch 0:  Train=91.092- Test=91.74
2019-06-08 19:31:41,381 - DEBUG - Accuracy - epoch 5:  Train=95.975- Test=95.67
2019-06-08 19:33:11,960 - DEBUG - Accuracy - epoch 10:  Train=97.147- Test=96.63
2019-06-08 19:34:42,541 - DEBUG - Accuracy - epoch 15:  Train=97.678- Test=96.98
2019-06-08 19:36:13,111 - DEBUG - Accuracy - epoch 20:  Train=97.992- Test=97.17
2019-06-08 19:37:43,663 - DEBUG - Accuracy - epoch 25:  Train=98.162- Test=97.29
2019-06-08 19:39:15,252 - DEBUG - Accuracy - epoch 30:  Train=98.308- Test=97.34
2019-06-08 19:40:46,054 - DEBUG - Accuracy - epoch 35:  Train=98.417- Test=97.43
2019-06-08 19:41:59,190 - INFO - Train acc - epoch: 40:  98.473
2019-06-08 19:42:00,466 - INFO - Test acc - epoch:97.48
2019-06-08 19:42:00,466 - DEBUG - ---------------------------------------------------------------------
2019-06-08 19:42:08,948 - INFO - learning rate=0.003 momentum update=0.99 minibatch=100
2019-06-08 19:42:32,759 - DEBUG - Accuracy - epoch 0:  Train=89.987- Test=90.56
2019-06-08 19:44:33,344 - DEBUG - Accuracy - epoch 5:  Train=96.21- Test=95.89
2019-06-08 19:46:33,853 - DEBUG - Accuracy - epoch 10:  Train=97.48- Test=96.89
2019-06-08 19:48:34,459 - DEBUG - Accuracy - epoch 15:  Train=98.083- Test=97.38
2019-06-08 19:50:35,306 - DEBUG - Accuracy - epoch 20:  Train=98.425- Test=97.53
2019-06-08 19:52:36,239 - DEBUG - Accuracy - epoch 25:  Train=98.643- Test=97.67
2019-06-08 19:54:37,018 - DEBUG - Accuracy - epoch 30:  Train=98.777- Test=97.78
2019-06-08 19:56:37,879 - DEBUG - Accuracy - epoch 35:  Train=98.89- Test=97.94
2019-06-08 19:58:21,787 - INFO - Train acc - epoch: 40:  98.955
2019-06-08 19:58:23,025 - INFO - Test acc - epoch:98.03
2019-06-08 19:58:23,025 - DEBUG - ---------------------------------------------------------------------
2019-06-08 19:58:31,402 - INFO - learning rate=0.003 momentum update=0.99 minibatch=100
2019-06-08 19:58:31,403 - INFO - Pruning=10%
2019-06-08 19:59:05,987 - DEBUG - Accuracy - epoch 0:  Train=95.073- Test=94.88
2019-06-08 20:01:08,840 - DEBUG - Accuracy - epoch 5:  Train=97.73- Test=97.13
2019-06-08 20:03:11,906 - DEBUG - Accuracy - epoch 10:  Train=98.438- Test=97.61
2019-06-08 20:05:13,209 - DEBUG - Accuracy - epoch 15:  Train=98.753- Test=97.79
2019-06-08 20:07:14,424 - DEBUG - Accuracy - epoch 20:  Train=98.928- Test=97.85
2019-06-08 20:09:15,441 - DEBUG - Accuracy - epoch 25:  Train=99.043- Test=97.88
2019-06-08 20:11:16,518 - DEBUG - Accuracy - epoch 30:  Train=99.138- Test=97.95
2019-06-08 20:13:18,344 - DEBUG - Accuracy - epoch 35:  Train=99.192- Test=97.98
2019-06-08 20:14:55,815 - INFO - Train acc - epoch: 40:  99.235
2019-06-08 20:14:57,439 - INFO - Test acc - epoch:98.0
2019-06-08 20:14:57,440 - DEBUG - ---------------------------------------------------------------------
2019-06-08 20:15:08,522 - INFO - learning rate=0.003 momentum update=0.99 minibatch=100
2019-06-08 20:15:08,522 - INFO - Pruning=20%
2019-06-08 20:15:41,923 - DEBUG - Accuracy - epoch 0:  Train=92.927- Test=93.05
2019-06-08 20:17:43,993 - DEBUG - Accuracy - epoch 5:  Train=96.783- Test=96.41
2019-06-08 20:19:45,171 - DEBUG - Accuracy - epoch 10:  Train=97.785- Test=97.2
2019-06-08 20:21:46,277 - DEBUG - Accuracy - epoch 15:  Train=98.215- Test=97.55
2019-06-08 20:23:47,353 - DEBUG - Accuracy - epoch 20:  Train=98.475- Test=97.69
2019-06-08 20:25:48,442 - DEBUG - Accuracy - epoch 25:  Train=98.628- Test=97.81
2019-06-08 20:27:50,422 - DEBUG - Accuracy - epoch 30:  Train=98.76- Test=97.82
2019-06-08 20:29:51,806 - DEBUG - Accuracy - epoch 35:  Train=98.87- Test=97.86
2019-06-08 20:31:29,569 - INFO - Train acc - epoch: 40:  98.917
2019-06-08 20:31:31,205 - INFO - Test acc - epoch:97.82
2019-06-08 20:31:31,206 - DEBUG - ---------------------------------------------------------------------
2019-06-08 20:31:42,255 - INFO - learning rate=0.003 momentum update=0.99 minibatch=100
2019-06-08 20:31:42,255 - INFO - Pruning=30%
2019-06-08 20:32:15,177 - DEBUG - Accuracy - epoch 0:  Train=91.148- Test=91.56
2019-06-08 20:34:14,590 - DEBUG - Accuracy - epoch 5:  Train=95.987- Test=95.69
2019-06-08 20:36:14,850 - DEBUG - Accuracy - epoch 10:  Train=97.105- Test=96.83
2019-06-08 20:38:14,168 - DEBUG - Accuracy - epoch 15:  Train=97.705- Test=97.19
2019-06-08 20:40:13,552 - DEBUG - Accuracy - epoch 20:  Train=98.07- Test=97.32
2019-06-08 20:42:12,942 - DEBUG - Accuracy - epoch 25:  Train=98.305- Test=97.42
2019-06-08 20:44:12,334 - DEBUG - Accuracy - epoch 30:  Train=98.503- Test=97.55
2019-06-08 20:46:11,748 - DEBUG - Accuracy - epoch 35:  Train=98.588- Test=97.65
2019-06-08 20:47:47,901 - INFO - Train acc - epoch: 40:  98.668
2019-06-08 20:47:49,532 - INFO - Test acc - epoch:97.71
2019-06-08 20:47:49,532 - DEBUG - ---------------------------------------------------------------------
2019-06-08 21:00:24,982 - INFO - learning rate=0.003 momentum update=0.99 minibatch=100
2019-06-08 21:00:26,033 - DEBUG - Accuracy - epoch 0:  Train=78.265- Test=78.97
2019-06-08 21:00:31,404 - DEBUG - Accuracy - epoch 5:  Train=86.328- Test=86.61
2019-06-08 21:00:36,820 - DEBUG - Accuracy - epoch 10:  Train=86.82- Test=86.99
2019-06-08 21:00:42,269 - DEBUG - Accuracy - epoch 15:  Train=87.155- Test=87.27
2019-06-08 21:00:47,633 - DEBUG - Accuracy - epoch 20:  Train=87.405- Test=87.35
2019-06-08 21:00:53,045 - DEBUG - Accuracy - epoch 25:  Train=87.54- Test=87.48
2019-06-08 21:00:58,380 - DEBUG - Accuracy - epoch 30:  Train=87.687- Test=87.58
2019-06-08 21:01:03,714 - DEBUG - Accuracy - epoch 35:  Train=87.823- Test=87.59
2019-06-08 21:01:08,562 - INFO - Train acc - epoch: 40:  87.945
2019-06-08 21:01:08,628 - INFO - Test acc - epoch:87.7
2019-06-08 21:01:08,629 - DEBUG - ---------------------------------------------------------------------
2019-06-08 21:01:09,120 - INFO - learning rate=0.003 momentum update=0.99 minibatch=100
2019-06-08 21:01:09,120 - INFO - Pruning=10%
2019-06-08 21:01:11,557 - DEBUG - Accuracy - epoch 0:  Train=63.258- Test=63.65
2019-06-08 21:01:18,769 - DEBUG - Accuracy - epoch 5:  Train=71.895- Test=72.03
2019-06-08 21:01:26,002 - DEBUG - Accuracy - epoch 10:  Train=72.425- Test=72.42
2019-06-08 21:01:33,191 - DEBUG - Accuracy - epoch 15:  Train=72.607- Test=72.64
2019-06-08 21:01:40,344 - DEBUG - Accuracy - epoch 20:  Train=72.772- Test=72.8
2019-06-08 21:01:47,593 - DEBUG - Accuracy - epoch 25:  Train=72.87- Test=72.89
2019-06-08 21:01:54,820 - DEBUG - Accuracy - epoch 30:  Train=72.97- Test=73.04
2019-06-08 21:02:01,995 - DEBUG - Accuracy - epoch 35:  Train=73.025- Test=73.1
2019-06-08 21:02:07,827 - INFO - Train acc - epoch: 40:  73.117
2019-06-08 21:02:07,976 - INFO - Test acc - epoch:73.15
2019-06-08 21:02:07,977 - DEBUG - ---------------------------------------------------------------------
2019-06-08 21:17:43,533 - INFO - learning rate=0.003 momentum update=0.99 minibatch=100
2019-06-08 21:17:45,375 - DEBUG - Accuracy - epoch 0:  Train=20.972- Test=21.07
2019-06-08 21:17:54,600 - DEBUG - Accuracy - epoch 5:  Train=73.455- Test=73.8
2019-06-08 21:18:03,660 - DEBUG - Accuracy - epoch 10:  Train=88.663- Test=88.58
2019-06-08 21:18:12,298 - DEBUG - Accuracy - epoch 15:  Train=90.208- Test=89.76
2019-06-08 21:18:20,842 - DEBUG - Accuracy - epoch 20:  Train=91.023- Test=90.47
2019-06-08 21:18:29,456 - DEBUG - Accuracy - epoch 25:  Train=91.453- Test=90.79
2019-06-08 21:18:37,979 - DEBUG - Accuracy - epoch 30:  Train=91.612- Test=90.95
2019-06-08 21:18:46,525 - DEBUG - Accuracy - epoch 35:  Train=91.772- Test=91.02
2019-06-08 21:18:55,123 - DEBUG - Accuracy - epoch 40:  Train=92.053- Test=91.18
2019-06-08 21:19:03,694 - DEBUG - Accuracy - epoch 45:  Train=92.233- Test=91.29
2019-06-08 21:19:11,174 - INFO - Train acc - epoch: 50:  92.303
2019-06-08 21:19:11,268 - INFO - Test acc - epoch:91.28
2019-06-08 21:19:11,268 - DEBUG - ---------------------------------------------------------------------
2019-06-08 21:19:11,990 - INFO - learning rate=0.003 momentum update=0.99 minibatch=100
2019-06-08 21:19:11,990 - INFO - Pruning=10%
2019-06-08 21:19:15,554 - DEBUG - Accuracy - epoch 0:  Train=73.9- Test=73.81
2019-06-08 21:19:27,594 - DEBUG - Accuracy - epoch 5:  Train=82.748- Test=82.68
2019-06-08 21:19:39,777 - DEBUG - Accuracy - epoch 10:  Train=83.46- Test=83.55
2019-06-08 21:19:51,860 - DEBUG - Accuracy - epoch 15:  Train=83.707- Test=83.61
2019-06-08 21:20:04,065 - DEBUG - Accuracy - epoch 20:  Train=83.813- Test=83.48
2019-06-08 21:20:16,182 - DEBUG - Accuracy - epoch 25:  Train=84.017- Test=83.65
2019-06-08 21:20:28,804 - DEBUG - Accuracy - epoch 30:  Train=84.162- Test=83.95
2019-06-08 21:20:40,881 - DEBUG - Accuracy - epoch 35:  Train=84.293- Test=84.0
2019-06-08 21:20:52,986 - DEBUG - Accuracy - epoch 40:  Train=84.4- Test=83.98
2019-06-08 21:21:05,130 - DEBUG - Accuracy - epoch 45:  Train=84.457- Test=84.1
2019-06-08 21:21:14,931 - INFO - Train acc - epoch: 50:  84.48
2019-06-08 21:21:15,117 - INFO - Test acc - epoch:84.18
2019-06-08 21:21:15,117 - DEBUG - ---------------------------------------------------------------------
