2019-06-08 21:24:44,406 - INFO - learning rate=0.003 momentum update=0.99 minibatch=100
2019-06-08 21:24:46,144 - DEBUG - Accuracy - epoch 0:  Train=24.167- Test=24.07
2019-06-08 21:24:54,839 - DEBUG - Accuracy - epoch 5:  Train=82.363- Test=82.54
2019-06-08 21:25:02,335 - INFO - Train acc - epoch: 10:  90.747
2019-06-08 21:25:02,475 - INFO - Test acc - epoch:90.73
2019-06-08 21:25:02,475 - DEBUG - ---------------------------------------------------------------------
2019-06-08 21:25:03,224 - INFO - learning rate=0.003 momentum update=0.99 minibatch=100
2019-06-08 21:25:03,225 - INFO - Pruning=10%
2019-06-08 21:25:06,722 - DEBUG - Accuracy - epoch 0:  Train=72.132- Test=72.37
2019-06-08 21:25:18,539 - DEBUG - Accuracy - epoch 5:  Train=75.248- Test=75.34
2019-06-08 21:25:28,235 - INFO - Train acc - epoch: 10:  75.615
2019-06-08 21:25:28,417 - INFO - Test acc - epoch:75.53
2019-06-08 21:25:28,418 - DEBUG - ---------------------------------------------------------------------
2019-06-08 21:30:51,863 - INFO - learning rate=0.003 momentum update=0.99 minibatch=100
2019-06-08 21:30:53,609 - DEBUG - Accuracy - epoch 0:  Train=24.73- Test=24.38
2019-06-08 21:31:02,193 - DEBUG - Accuracy - epoch 5:  Train=87.718- Test=87.76
2019-06-08 21:31:09,670 - INFO - Train acc - epoch: 10:  90.608
2019-06-08 21:31:09,764 - INFO - Test acc - epoch:90.4
2019-06-08 21:31:09,764 - DEBUG - ---------------------------------------------------------------------
2019-06-08 21:32:53,617 - INFO - learning rate=0.003 momentum update=0.99 minibatch=100
2019-06-08 21:32:55,397 - DEBUG - Accuracy - epoch 0:  Train=25.142- Test=25.19
2019-06-08 21:33:04,286 - DEBUG - Accuracy - epoch 5:  Train=76.858- Test=76.75
2019-06-08 21:33:12,013 - INFO - Train acc - epoch: 10:  88.237
2019-06-08 21:33:12,108 - INFO - Test acc - epoch:87.85
2019-06-08 21:33:12,108 - DEBUG - ---------------------------------------------------------------------
2019-06-08 21:33:12,806 - INFO - learning rate=0.003 momentum update=0.99 minibatch=100
2019-06-08 21:33:12,806 - INFO - Pruning=10%
2019-06-08 21:33:16,340 - DEBUG - Accuracy - epoch 0:  Train=76.727- Test=76.82
2019-06-08 21:33:28,235 - DEBUG - Accuracy - epoch 5:  Train=82.667- Test=82.29
2019-06-08 21:33:37,842 - INFO - Train acc - epoch: 10:  83.302
2019-06-08 21:33:38,030 - INFO - Test acc - epoch:82.6
2019-06-08 21:33:38,031 - DEBUG - ---------------------------------------------------------------------
2019-06-08 21:35:39,114 - INFO - learning rate=0.003 momentum update=0.99 minibatch=100
2019-06-08 21:35:51,923 - DEBUG - Accuracy - epoch 0:  Train=89.638- Test=90.38
