2019-06-10 12:56:36,772 - INFO - neurons= [100]
2019-06-10 12:56:36,775 - INFO - learning rate=0.003 momentum update=0.99 minibatch=100
2019-06-10 12:56:38,730 - DEBUG - Accuracy - epoch 0:  Train=89.548- Test=90.15
2019-06-10 12:56:45,165 - DEBUG - Accuracy - epoch 5:  Train=95.895- Test=95.94
2019-06-10 12:56:51,240 - DEBUG - Accuracy - epoch 10:  Train=97.348- Test=97.01
2019-06-10 12:56:57,331 - DEBUG - Accuracy - epoch 15:  Train=98.002- Test=97.36
2019-06-10 12:57:03,357 - DEBUG - Accuracy - epoch 20:  Train=98.367- Test=97.58
2019-06-10 12:57:09,363 - DEBUG - Accuracy - epoch 25:  Train=98.6- Test=97.68
2019-06-10 12:57:15,394 - DEBUG - Accuracy - epoch 30:  Train=98.745- Test=97.69
2019-06-10 12:57:21,443 - DEBUG - Accuracy - epoch 35:  Train=98.85- Test=97.79
2019-06-10 12:57:27,817 - DEBUG - Accuracy - epoch 40:  Train=98.977- Test=97.84
2019-06-10 12:57:34,738 - DEBUG - Accuracy - epoch 45:  Train=99.028- Test=97.84
2019-06-10 12:57:40,897 - DEBUG - Accuracy - epoch 50:  Train=99.093- Test=97.85
2019-06-10 12:57:47,057 - DEBUG - Accuracy - epoch 55:  Train=99.167- Test=97.86
2019-06-10 12:57:53,174 - DEBUG - Accuracy - epoch 60:  Train=99.212- Test=97.89
2019-06-10 12:57:59,277 - DEBUG - Accuracy - epoch 65:  Train=99.247- Test=97.88
2019-06-10 12:58:05,544 - DEBUG - Accuracy - epoch 70:  Train=99.283- Test=97.87
2019-06-10 12:58:11,933 - DEBUG - Accuracy - epoch 75:  Train=99.305- Test=97.85
2019-06-10 12:58:18,037 - DEBUG - Accuracy - epoch 80:  Train=99.325- Test=97.85
2019-06-10 12:58:24,144 - DEBUG - Accuracy - epoch 85:  Train=99.338- Test=97.84
2019-06-10 12:58:30,657 - DEBUG - Accuracy - epoch 90:  Train=99.347- Test=97.82
2019-06-10 12:58:36,843 - DEBUG - Accuracy - epoch 95:  Train=99.362- Test=97.84
2019-06-10 12:58:41,886 - INFO - Train acc - epoch: 100:  99.375
2019-06-10 12:58:41,971 - INFO - Test acc - epoch:97.84
2019-06-10 12:58:41,971 - DEBUG - ---------------------------------------------------------------------
2019-06-10 12:58:42,616 - INFO - learning rate=0.003 momentum update=0.99 minibatch=100
2019-06-10 12:58:42,617 - INFO - Pruning=10%
2019-06-10 12:58:44,949 - DEBUG - Accuracy - epoch 0:  Train=95.843- Test=95.33
2019-06-10 12:58:51,147 - DEBUG - Accuracy - epoch 5:  Train=97.935- Test=97.03
2019-06-10 12:58:57,245 - DEBUG - Accuracy - epoch 10:  Train=98.432- Test=97.33
2019-06-10 12:59:03,336 - DEBUG - Accuracy - epoch 15:  Train=98.65- Test=97.47
2019-06-10 12:59:09,763 - DEBUG - Accuracy - epoch 20:  Train=98.81- Test=97.53
2019-06-10 12:59:16,053 - DEBUG - Accuracy - epoch 25:  Train=98.94- Test=97.6
2019-06-10 12:59:22,207 - DEBUG - Accuracy - epoch 30:  Train=99.013- Test=97.65
2019-06-10 12:59:28,356 - DEBUG - Accuracy - epoch 35:  Train=99.073- Test=97.68
2019-06-10 12:59:34,382 - DEBUG - Accuracy - epoch 40:  Train=99.107- Test=97.68
2019-06-10 12:59:40,423 - DEBUG - Accuracy - epoch 45:  Train=99.147- Test=97.72
2019-06-10 12:59:45,337 - INFO - Train acc - epoch: 50:  99.162
2019-06-10 12:59:45,424 - INFO - Test acc - epoch:97.73
2019-06-10 12:59:45,424 - DEBUG - ---------------------------------------------------------------------
2019-06-10 12:59:46,058 - INFO - learning rate=0.003 momentum update=0.99 minibatch=100
2019-06-10 12:59:46,058 - INFO - Pruning=10%
2019-06-10 12:59:48,274 - DEBUG - Accuracy - epoch 0:  Train=99.368- Test=97.84
2019-06-10 12:59:54,632 - DEBUG - Accuracy - epoch 5:  Train=99.382- Test=97.85
2019-06-10 13:00:01,600 - DEBUG - Accuracy - epoch 10:  Train=99.39- Test=97.88
2019-06-10 13:00:08,239 - DEBUG - Accuracy - epoch 15:  Train=99.397- Test=97.87
2019-06-10 13:00:15,442 - DEBUG - Accuracy - epoch 20:  Train=99.4- Test=97.9
2019-06-10 13:00:22,366 - DEBUG - Accuracy - epoch 25:  Train=99.413- Test=97.89
2019-06-10 13:00:29,028 - DEBUG - Accuracy - epoch 30:  Train=99.432- Test=97.89
2019-06-10 13:00:35,440 - DEBUG - Accuracy - epoch 35:  Train=99.438- Test=97.89
2019-06-10 13:03:14,742 - INFO - neurons= [100]
2019-06-10 13:03:19,293 - INFO - learning rate=0.003 momentum update=0.99 minibatch=100
2019-06-10 13:03:31,128 - DEBUG - Accuracy - epoch 0:  Train=89.717- Test=90.38
2019-06-10 13:03:37,196 - DEBUG - Accuracy - epoch 5:  Train=95.722- Test=95.58
2019-06-10 13:03:43,292 - DEBUG - Accuracy - epoch 10:  Train=96.995- Test=96.65
2019-06-10 13:03:49,864 - DEBUG - Accuracy - epoch 15:  Train=97.538- Test=96.96
2019-06-10 13:03:55,481 - INFO - Train acc - epoch: 20:  97.767
2019-06-10 13:03:55,575 - INFO - Test acc - epoch:97.1
2019-06-10 13:03:55,575 - DEBUG - ---------------------------------------------------------------------
2019-06-10 13:03:56,247 - INFO - learning rate=0.003 momentum update=0.99 minibatch=100
2019-06-10 13:03:56,248 - INFO - Pruning=10%
2019-06-10 13:03:58,637 - DEBUG - Accuracy - epoch 0:  Train=97.832- Test=97.17
2019-06-10 13:04:05,424 - DEBUG - Accuracy - epoch 5:  Train=98.055- Test=97.33
2019-06-10 13:04:12,313 - DEBUG - Accuracy - epoch 10:  Train=98.192- Test=97.48
2019-06-10 13:04:19,104 - DEBUG - Accuracy - epoch 15:  Train=98.323- Test=97.51
2019-06-10 13:04:24,467 - INFO - Train acc - epoch: 20:  98.4
2019-06-10 13:04:24,554 - INFO - Test acc - epoch:97.53
2019-06-10 13:04:24,555 - DEBUG - ---------------------------------------------------------------------
2019-06-10 13:04:25,192 - INFO - learning rate=0.003 momentum update=0.99 minibatch=100
2019-06-10 13:04:25,192 - INFO - Pruning=20%
2019-06-10 13:04:27,398 - DEBUG - Accuracy - epoch 0:  Train=97.842- Test=97.17
2019-06-10 13:04:33,583 - DEBUG - Accuracy - epoch 5:  Train=98.058- Test=97.32
2019-06-10 13:04:39,673 - DEBUG - Accuracy - epoch 10:  Train=98.21- Test=97.48
2019-06-10 13:04:45,751 - DEBUG - Accuracy - epoch 15:  Train=98.338- Test=97.52
2019-06-10 13:04:50,663 - INFO - Train acc - epoch: 20:  98.407
2019-06-10 13:04:50,751 - INFO - Test acc - epoch:97.54
2019-06-10 13:04:50,752 - DEBUG - ---------------------------------------------------------------------
2019-06-10 13:04:51,402 - INFO - learning rate=0.003 momentum update=0.99 minibatch=100
2019-06-10 13:04:51,403 - INFO - Pruning=30%
2019-06-10 13:04:53,590 - DEBUG - Accuracy - epoch 0:  Train=97.837- Test=97.2
2019-06-10 13:04:59,753 - DEBUG - Accuracy - epoch 5:  Train=98.047- Test=97.29
2019-06-10 13:05:05,828 - DEBUG - Accuracy - epoch 10:  Train=98.227- Test=97.48
2019-06-10 13:05:11,940 - DEBUG - Accuracy - epoch 15:  Train=98.338- Test=97.52
2019-06-10 13:05:17,044 - INFO - Train acc - epoch: 20:  98.405
2019-06-10 13:05:17,132 - INFO - Test acc - epoch:97.56
2019-06-10 13:05:17,132 - DEBUG - ---------------------------------------------------------------------
2019-06-10 13:05:17,831 - INFO - learning rate=0.003 momentum update=0.99 minibatch=100
2019-06-10 13:05:17,831 - INFO - Pruning=40%
2019-06-10 13:05:19,961 - DEBUG - Accuracy - epoch 0:  Train=97.818- Test=97.17
2019-06-10 13:05:26,233 - DEBUG - Accuracy - epoch 5:  Train=98.058- Test=97.29
2019-06-10 13:05:32,538 - DEBUG - Accuracy - epoch 10:  Train=98.228- Test=97.44
2019-06-10 13:05:38,721 - DEBUG - Accuracy - epoch 15:  Train=98.34- Test=97.5
2019-06-10 13:05:43,807 - INFO - Train acc - epoch: 20:  98.403
2019-06-10 13:05:43,895 - INFO - Test acc - epoch:97.55
2019-06-10 13:05:43,895 - DEBUG - ---------------------------------------------------------------------
2019-06-10 13:05:44,568 - INFO - learning rate=0.003 momentum update=0.99 minibatch=100
2019-06-10 13:05:44,568 - INFO - Pruning=50%
2019-06-10 13:05:46,623 - DEBUG - Accuracy - epoch 0:  Train=97.822- Test=97.16
2019-06-10 13:05:52,917 - DEBUG - Accuracy - epoch 5:  Train=98.053- Test=97.3
2019-06-10 13:05:59,529 - DEBUG - Accuracy - epoch 10:  Train=98.22- Test=97.36
2019-06-10 13:06:06,032 - DEBUG - Accuracy - epoch 15:  Train=98.335- Test=97.41
2019-06-10 13:06:11,325 - INFO - Train acc - epoch: 20:  98.397
2019-06-10 13:06:11,476 - INFO - Test acc - epoch:97.48
2019-06-10 13:06:11,476 - DEBUG - ---------------------------------------------------------------------
2019-06-10 13:06:12,110 - INFO - learning rate=0.003 momentum update=0.99 minibatch=100
2019-06-10 13:06:12,110 - INFO - Pruning=60%
2019-06-10 13:06:14,842 - DEBUG - Accuracy - epoch 0:  Train=97.74- Test=97.1
2019-06-10 13:06:21,341 - DEBUG - Accuracy - epoch 5:  Train=98.023- Test=97.27
2019-06-10 13:06:27,524 - DEBUG - Accuracy - epoch 10:  Train=98.185- Test=97.34
2019-06-10 13:06:33,662 - DEBUG - Accuracy - epoch 15:  Train=98.307- Test=97.44
2019-06-10 13:06:38,656 - INFO - Train acc - epoch: 20:  98.372
2019-06-10 13:06:38,737 - INFO - Test acc - epoch:97.45
2019-06-10 13:06:38,738 - DEBUG - ---------------------------------------------------------------------
2019-06-10 13:06:39,369 - INFO - learning rate=0.003 momentum update=0.99 minibatch=100
2019-06-10 13:06:39,369 - INFO - Pruning=70%
2019-06-10 13:06:41,673 - DEBUG - Accuracy - epoch 0:  Train=97.587- Test=96.97
2019-06-10 14:26:10,618 - DEBUG - Accuracy - epoch 5:  Train=97.953- Test=97.17
2019-06-10 14:26:17,516 - DEBUG - Accuracy - epoch 10:  Train=98.137- Test=97.36
2019-06-10 14:26:23,983 - DEBUG - Accuracy - epoch 15:  Train=98.253- Test=97.4
2019-06-10 14:26:29,304 - INFO - Train acc - epoch: 20:  98.352
2019-06-10 14:26:29,387 - INFO - Test acc - epoch:97.44
2019-06-10 14:26:29,387 - DEBUG - ---------------------------------------------------------------------
2019-06-10 14:26:30,012 - INFO - learning rate=0.003 momentum update=0.99 minibatch=100
2019-06-10 14:26:30,012 - INFO - Pruning=80%
2019-06-10 14:26:32,251 - DEBUG - Accuracy - epoch 0:  Train=97.3- Test=96.91
2019-06-10 14:26:38,640 - DEBUG - Accuracy - epoch 5:  Train=97.85- Test=97.18
2019-06-10 14:26:44,984 - DEBUG - Accuracy - epoch 10:  Train=98.043- Test=97.27
2019-06-10 14:26:51,784 - DEBUG - Accuracy - epoch 15:  Train=98.188- Test=97.43
2019-06-10 14:26:57,262 - INFO - Train acc - epoch: 20:  98.282
2019-06-10 14:26:57,406 - INFO - Test acc - epoch:97.45
2019-06-10 14:26:57,407 - DEBUG - ---------------------------------------------------------------------
2019-06-10 14:26:58,042 - INFO - learning rate=0.003 momentum update=0.99 minibatch=100
2019-06-10 14:26:58,042 - INFO - Pruning=90%
2019-06-10 14:27:00,154 - DEBUG - Accuracy - epoch 0:  Train=96.413- Test=96.25
2019-06-10 14:27:06,364 - DEBUG - Accuracy - epoch 5:  Train=97.397- Test=97.01
2019-06-10 14:27:12,567 - DEBUG - Accuracy - epoch 10:  Train=97.773- Test=97.12
2019-06-10 14:27:18,703 - DEBUG - Accuracy - epoch 15:  Train=97.938- Test=97.28
2019-06-10 14:27:23,700 - INFO - Train acc - epoch: 20:  98.057
2019-06-10 14:27:23,788 - INFO - Test acc - epoch:97.3
2019-06-10 14:27:23,789 - DEBUG - ---------------------------------------------------------------------
2019-06-10 14:27:24,402 - INFO - neurons= [200]
2019-06-10 14:27:24,442 - INFO - learning rate=0.003 momentum update=0.99 minibatch=100
2019-06-10 14:27:27,974 - DEBUG - Accuracy - epoch 0:  Train=89.822- Test=90.38
2019-06-10 14:27:38,524 - DEBUG - Accuracy - epoch 5:  Train=96.037- Test=95.8
2019-06-10 14:27:50,583 - DEBUG - Accuracy - epoch 10:  Train=97.292- Test=96.85
2019-06-10 14:28:02,228 - DEBUG - Accuracy - epoch 15:  Train=97.878- Test=97.2
2019-06-10 14:28:11,054 - INFO - Train acc - epoch: 20:  98.157
2019-06-10 14:28:11,188 - INFO - Test acc - epoch:97.34
2019-06-10 14:28:11,188 - DEBUG - ---------------------------------------------------------------------
2019-06-10 14:28:12,365 - INFO - learning rate=0.003 momentum update=0.99 minibatch=100
2019-06-10 14:28:12,365 - INFO - Pruning=10%
2019-06-10 14:28:16,318 - DEBUG - Accuracy - epoch 0:  Train=98.19- Test=97.41
2019-06-10 14:28:27,114 - DEBUG - Accuracy - epoch 5:  Train=98.403- Test=97.56
2019-06-10 14:28:38,042 - DEBUG - Accuracy - epoch 10:  Train=98.557- Test=97.64
2019-06-10 14:28:48,735 - DEBUG - Accuracy - epoch 15:  Train=98.657- Test=97.68
2019-06-10 14:28:57,530 - INFO - Train acc - epoch: 20:  98.715
2019-06-10 14:28:57,672 - INFO - Test acc - epoch:97.73
2019-06-10 14:28:57,672 - DEBUG - ---------------------------------------------------------------------
2019-06-10 14:28:58,651 - INFO - learning rate=0.003 momentum update=0.99 minibatch=100
2019-06-10 14:28:58,652 - INFO - Pruning=20%
2019-06-10 14:29:02,148 - DEBUG - Accuracy - epoch 0:  Train=98.188- Test=97.36
2019-06-10 14:29:12,721 - DEBUG - Accuracy - epoch 5:  Train=98.41- Test=97.57
2019-06-10 14:29:23,227 - DEBUG - Accuracy - epoch 10:  Train=98.562- Test=97.66
2019-06-10 14:29:33,911 - DEBUG - Accuracy - epoch 15:  Train=98.648- Test=97.69
2019-06-10 14:29:42,428 - INFO - Train acc - epoch: 20:  98.713
2019-06-10 14:29:42,567 - INFO - Test acc - epoch:97.77
2019-06-10 14:29:42,568 - DEBUG - ---------------------------------------------------------------------
2019-06-10 14:29:43,607 - INFO - learning rate=0.003 momentum update=0.99 minibatch=100
2019-06-10 14:29:43,607 - INFO - Pruning=30%
2019-06-10 14:29:47,133 - DEBUG - Accuracy - epoch 0:  Train=98.188- Test=97.41
2019-06-10 14:29:57,689 - DEBUG - Accuracy - epoch 5:  Train=98.412- Test=97.57
2019-06-10 14:30:08,912 - DEBUG - Accuracy - epoch 10:  Train=98.565- Test=97.63
2019-06-10 14:30:19,685 - DEBUG - Accuracy - epoch 15:  Train=98.665- Test=97.71
2019-06-10 14:30:28,610 - INFO - Train acc - epoch: 20:  98.722
2019-06-10 14:30:28,750 - INFO - Test acc - epoch:97.76
2019-06-10 14:30:28,750 - DEBUG - ---------------------------------------------------------------------
2019-06-10 14:30:29,964 - INFO - learning rate=0.003 momentum update=0.99 minibatch=100
2019-06-10 14:30:29,964 - INFO - Pruning=40%
2019-06-10 14:30:33,565 - DEBUG - Accuracy - epoch 0:  Train=98.183- Test=97.41
2019-06-10 14:30:44,140 - DEBUG - Accuracy - epoch 5:  Train=98.415- Test=97.55
2019-06-10 14:30:54,605 - DEBUG - Accuracy - epoch 10:  Train=98.578- Test=97.65
2019-06-10 14:31:05,397 - DEBUG - Accuracy - epoch 15:  Train=98.665- Test=97.71
2019-06-10 14:31:14,132 - INFO - Train acc - epoch: 20:  98.732
2019-06-10 14:31:14,297 - INFO - Test acc - epoch:97.76
2019-06-10 14:31:14,297 - DEBUG - ---------------------------------------------------------------------
2019-06-10 14:31:15,706 - INFO - learning rate=0.003 momentum update=0.99 minibatch=100
2019-06-10 14:31:15,706 - INFO - Pruning=50%
2019-06-10 14:31:19,174 - DEBUG - Accuracy - epoch 0:  Train=98.173- Test=97.38
2019-06-10 14:31:31,329 - DEBUG - Accuracy - epoch 5:  Train=98.408- Test=97.57
2019-06-10 14:31:42,237 - DEBUG - Accuracy - epoch 10:  Train=98.578- Test=97.65
2019-06-10 14:31:52,963 - DEBUG - Accuracy - epoch 15:  Train=98.667- Test=97.7
2019-06-10 14:32:02,120 - INFO - Train acc - epoch: 20:  98.713
2019-06-10 14:32:02,267 - INFO - Test acc - epoch:97.76
2019-06-10 14:32:02,267 - DEBUG - ---------------------------------------------------------------------
2019-06-10 14:32:03,568 - INFO - learning rate=0.003 momentum update=0.99 minibatch=100
2019-06-10 14:32:03,568 - INFO - Pruning=60%
2019-06-10 14:32:07,085 - DEBUG - Accuracy - epoch 0:  Train=98.155- Test=97.38
2019-06-10 14:32:17,647 - DEBUG - Accuracy - epoch 5:  Train=98.4- Test=97.57
2019-06-10 14:32:28,391 - DEBUG - Accuracy - epoch 10:  Train=98.547- Test=97.67
2019-06-10 14:32:39,756 - DEBUG - Accuracy - epoch 15:  Train=98.64- Test=97.69
2019-06-10 14:32:48,520 - INFO - Train acc - epoch: 20:  98.7
2019-06-10 14:32:48,658 - INFO - Test acc - epoch:97.73
2019-06-10 14:32:48,658 - DEBUG - ---------------------------------------------------------------------
2019-06-10 14:32:49,693 - INFO - learning rate=0.003 momentum update=0.99 minibatch=100
2019-06-10 14:32:49,693 - INFO - Pruning=70%
2019-06-10 14:32:53,260 - DEBUG - Accuracy - epoch 0:  Train=98.032- Test=97.29
2019-06-10 14:33:04,975 - DEBUG - Accuracy - epoch 5:  Train=98.378- Test=97.51
2019-06-10 14:33:15,951 - DEBUG - Accuracy - epoch 10:  Train=98.552- Test=97.67
2019-06-10 14:33:26,612 - DEBUG - Accuracy - epoch 15:  Train=98.64- Test=97.75
2019-06-10 14:33:35,588 - INFO - Train acc - epoch: 20:  98.682
2019-06-10 14:33:35,819 - INFO - Test acc - epoch:97.79
2019-06-10 14:33:35,819 - DEBUG - ---------------------------------------------------------------------
2019-06-10 14:33:36,858 - INFO - learning rate=0.003 momentum update=0.99 minibatch=100
2019-06-10 14:33:36,859 - INFO - Pruning=80%
2019-06-10 14:33:40,227 - DEBUG - Accuracy - epoch 0:  Train=97.803- Test=97.18
2019-06-10 14:33:50,665 - DEBUG - Accuracy - epoch 5:  Train=98.258- Test=97.5
2019-06-10 14:34:01,411 - DEBUG - Accuracy - epoch 10:  Train=98.46- Test=97.64
2019-06-10 14:34:11,873 - DEBUG - Accuracy - epoch 15:  Train=98.58- Test=97.65
2019-06-10 14:34:20,554 - INFO - Train acc - epoch: 20:  98.655
2019-06-10 14:34:20,690 - INFO - Test acc - epoch:97.78
2019-06-10 14:34:20,690 - DEBUG - ---------------------------------------------------------------------
2019-06-10 14:34:21,720 - INFO - learning rate=0.003 momentum update=0.99 minibatch=100
2019-06-10 14:34:21,720 - INFO - Pruning=90%
2019-06-10 14:34:25,391 - DEBUG - Accuracy - epoch 0:  Train=97.153- Test=96.92
2019-06-10 14:34:36,195 - DEBUG - Accuracy - epoch 5:  Train=97.9- Test=97.37
2019-06-10 14:34:46,911 - DEBUG - Accuracy - epoch 10:  Train=98.195- Test=97.55
2019-06-10 14:34:58,119 - DEBUG - Accuracy - epoch 15:  Train=98.352- Test=97.64
2019-06-10 14:35:06,849 - INFO - Train acc - epoch: 20:  98.463
2019-06-10 14:35:06,985 - INFO - Test acc - epoch:97.66
2019-06-10 14:35:06,985 - DEBUG - ---------------------------------------------------------------------
2019-06-10 14:35:08,066 - INFO - neurons= [300]
2019-06-10 14:35:08,153 - INFO - learning rate=0.003 momentum update=0.99 minibatch=100
2019-06-10 14:35:12,853 - DEBUG - Accuracy - epoch 0:  Train=90.207- Test=90.75
2019-06-10 14:35:28,529 - DEBUG - Accuracy - epoch 5:  Train=96.12- Test=95.87
2019-06-10 14:35:44,071 - DEBUG - Accuracy - epoch 10:  Train=97.41- Test=96.92
2019-06-10 14:35:59,383 - DEBUG - Accuracy - epoch 15:  Train=97.985- Test=97.23
2019-06-10 14:36:11,687 - INFO - Train acc - epoch: 20:  98.252
2019-06-10 14:36:11,864 - INFO - Test acc - epoch:97.44
2019-06-10 14:36:11,864 - DEBUG - ---------------------------------------------------------------------
2019-06-10 14:36:13,498 - INFO - learning rate=0.003 momentum update=0.99 minibatch=100
2019-06-10 14:36:13,498 - INFO - Pruning=10%
2019-06-10 14:36:20,469 - DEBUG - Accuracy - epoch 0:  Train=98.287- Test=97.49
2019-06-10 14:36:36,203 - DEBUG - Accuracy - epoch 5:  Train=98.537- Test=97.64
2019-06-10 14:36:51,496 - DEBUG - Accuracy - epoch 10:  Train=98.663- Test=97.77
2019-06-10 14:37:07,320 - DEBUG - Accuracy - epoch 15:  Train=98.777- Test=97.84
2019-06-10 14:37:19,684 - INFO - Train acc - epoch: 20:  98.82
2019-06-10 14:37:19,868 - INFO - Test acc - epoch:97.89
2019-06-10 14:37:19,868 - DEBUG - ---------------------------------------------------------------------
2019-06-10 14:37:21,566 - INFO - learning rate=0.003 momentum update=0.99 minibatch=100
2019-06-10 14:37:21,566 - INFO - Pruning=20%
2019-06-10 14:37:26,088 - DEBUG - Accuracy - epoch 0:  Train=98.293- Test=97.49
2019-06-10 14:37:41,448 - DEBUG - Accuracy - epoch 5:  Train=98.537- Test=97.64
2019-06-10 14:37:56,887 - DEBUG - Accuracy - epoch 10:  Train=98.665- Test=97.77
2019-06-10 14:38:12,723 - DEBUG - Accuracy - epoch 15:  Train=98.773- Test=97.85
2019-06-10 14:38:25,155 - INFO - Train acc - epoch: 20:  98.817
2019-06-10 14:38:25,336 - INFO - Test acc - epoch:97.92
2019-06-10 14:38:25,336 - DEBUG - ---------------------------------------------------------------------
2019-06-10 14:38:26,889 - INFO - learning rate=0.003 momentum update=0.99 minibatch=100
2019-06-10 14:38:26,889 - INFO - Pruning=30%
2019-06-10 14:38:31,601 - DEBUG - Accuracy - epoch 0:  Train=98.298- Test=97.53
2019-06-10 14:38:46,843 - DEBUG - Accuracy - epoch 5:  Train=98.532- Test=97.66
2019-06-10 14:39:02,246 - DEBUG - Accuracy - epoch 10:  Train=98.673- Test=97.79
2019-06-10 14:39:17,967 - DEBUG - Accuracy - epoch 15:  Train=98.778- Test=97.85
2019-06-10 14:39:30,904 - INFO - Train acc - epoch: 20:  98.822
2019-06-10 14:39:31,117 - INFO - Test acc - epoch:97.9
2019-06-10 14:39:31,117 - DEBUG - ---------------------------------------------------------------------
2019-06-11 00:35:33,378 - INFO - neurons= [30]
2019-06-11 00:35:33,410 - INFO - learning rate=0.003 momentum update=0.99 minibatch=100
2019-06-11 00:35:34,863 - DEBUG - Accuracy - epoch 0:  Train=86.625- Test=86.358
2019-06-11 00:35:37,277 - DEBUG - Accuracy - epoch 5:  Train=93.908- Test=93.783
2019-06-11 00:35:39,700 - DEBUG - Accuracy - epoch 10:  Train=95.1- Test=94.675
2019-06-11 00:35:42,382 - DEBUG - Accuracy - epoch 15:  Train=95.6- Test=95.0
2019-06-11 00:35:44,430 - INFO - Train acc - epoch: 20:  95.9
2019-06-11 00:35:44,495 - INFO - Test acc - epoch:95.208
2019-06-11 00:35:44,496 - DEBUG - ---------------------------------------------------------------------
2019-06-11 00:35:46,392 - INFO - neurons= [30]
2019-06-11 00:35:46,788 - INFO - learning rate=0.003 momentum update=0.99 minibatch=100
2019-06-11 00:35:47,877 - DEBUG - Accuracy - epoch 0:  Train=87.373- Test=87.317
2019-06-11 00:35:50,344 - DEBUG - Accuracy - epoch 5:  Train=94.262- Test=93.925
2019-06-11 00:35:52,849 - DEBUG - Accuracy - epoch 10:  Train=95.41- Test=94.925
2019-06-11 00:35:55,732 - DEBUG - Accuracy - epoch 15:  Train=95.977- Test=95.333
2019-06-11 00:35:58,209 - INFO - Train acc - epoch: 20:  96.244
2019-06-11 00:35:58,312 - INFO - Test acc - epoch:95.508
2019-06-11 00:35:58,313 - DEBUG - ---------------------------------------------------------------------
2019-06-11 00:36:01,497 - INFO - neurons= [30]
2019-06-11 00:36:03,130 - INFO - learning rate=0.003 momentum update=0.99 minibatch=100
2019-06-11 00:36:04,637 - DEBUG - Accuracy - epoch 0:  Train=87.344- Test=86.892
2019-06-11 00:36:07,550 - DEBUG - Accuracy - epoch 5:  Train=94.11- Test=93.425
2019-06-11 00:36:09,952 - DEBUG - Accuracy - epoch 10:  Train=95.306- Test=94.525
2019-06-11 00:36:12,432 - DEBUG - Accuracy - epoch 15:  Train=95.867- Test=94.908
2019-06-11 00:36:14,497 - INFO - Train acc - epoch: 20:  96.123
2019-06-11 00:36:14,603 - INFO - Test acc - epoch:95.108
2019-06-11 00:36:14,603 - DEBUG - ---------------------------------------------------------------------
2019-06-11 00:36:15,234 - INFO - neurons= [30]
2019-06-11 00:36:15,235 - INFO - learning rate=0.003 momentum update=0.99 minibatch=100
2019-06-11 00:36:16,073 - DEBUG - Accuracy - epoch 0:  Train=87.244- Test=87.108
2019-06-11 00:36:18,522 - DEBUG - Accuracy - epoch 5:  Train=94.1- Test=93.283
2019-06-11 00:36:21,009 - DEBUG - Accuracy - epoch 10:  Train=95.379- Test=94.442
2019-06-11 00:36:23,510 - DEBUG - Accuracy - epoch 15:  Train=96.021- Test=94.95
2019-06-11 00:36:25,530 - INFO - Train acc - epoch: 20:  96.31
2019-06-11 00:36:25,637 - INFO - Test acc - epoch:95.217
2019-06-11 00:36:25,637 - DEBUG - ---------------------------------------------------------------------
2019-06-11 00:36:26,300 - INFO - neurons= [30]
2019-06-11 00:36:26,301 - INFO - learning rate=0.003 momentum update=0.99 minibatch=100
2019-06-11 00:36:27,264 - DEBUG - Accuracy - epoch 0:  Train=87.902- Test=87.575
2019-06-11 00:36:29,749 - DEBUG - Accuracy - epoch 5:  Train=93.979- Test=93.45
2019-06-11 00:36:32,282 - DEBUG - Accuracy - epoch 10:  Train=95.188- Test=94.508
2019-06-11 00:36:34,704 - DEBUG - Accuracy - epoch 15:  Train=95.867- Test=94.983
2019-06-11 00:36:36,751 - INFO - Train acc - epoch: 20:  96.129
2019-06-11 00:36:36,821 - INFO - Test acc - epoch:95.292
2019-06-11 00:36:36,821 - DEBUG - ---------------------------------------------------------------------
2019-06-11 00:36:37,609 - INFO - neurons= [50]
2019-06-11 00:36:37,636 - INFO - learning rate=0.003 momentum update=0.99 minibatch=100
2019-06-11 00:36:38,872 - DEBUG - Accuracy - epoch 0:  Train=87.883- Test=87.983
2019-06-11 00:36:42,020 - DEBUG - Accuracy - epoch 5:  Train=94.379- Test=94.1
2019-06-11 00:40:59,084 - INFO - neurons= [30]
2019-06-11 00:41:00,286 - INFO - learning rate=0.003 momentum update=0.99 minibatch=100
2019-06-11 00:41:20,642 - DEBUG - Accuracy - epoch 0:  Train=87.356- Test=87.325
2019-06-11 00:41:23,239 - DEBUG - Accuracy - epoch 5:  Train=93.971- Test=93.667
2019-06-11 00:41:25,285 - DEBUG - Accuracy - epoch 10:  Train=95.694- Test=95.008
2019-06-11 00:41:27,325 - DEBUG - Accuracy - epoch 15:  Train=96.492- Test=95.425
2019-06-11 00:41:29,368 - DEBUG - Accuracy - epoch 20:  Train=96.856- Test=95.767
2019-06-11 00:41:31,413 - DEBUG - Accuracy - epoch 25:  Train=97.121- Test=95.875
2019-06-11 00:41:33,457 - DEBUG - Accuracy - epoch 30:  Train=97.288- Test=96.058
2019-06-11 00:41:35,550 - DEBUG - Accuracy - epoch 35:  Train=97.438- Test=96.083
2019-06-11 00:41:37,579 - DEBUG - Accuracy - epoch 40:  Train=97.558- Test=96.15
2019-06-11 00:41:39,606 - DEBUG - Accuracy - epoch 45:  Train=97.64- Test=96.2
2019-06-11 00:41:41,633 - DEBUG - Accuracy - epoch 50:  Train=97.712- Test=96.233
2019-06-11 00:41:43,684 - DEBUG - Accuracy - epoch 55:  Train=97.788- Test=96.292
2019-06-11 00:41:45,711 - DEBUG - Accuracy - epoch 60:  Train=97.84- Test=96.358
2019-06-11 00:41:47,766 - DEBUG - Accuracy - epoch 65:  Train=97.898- Test=96.375
2019-06-11 00:41:49,840 - DEBUG - Accuracy - epoch 70:  Train=97.954- Test=96.4
2019-06-11 00:41:51,872 - DEBUG - Accuracy - epoch 75:  Train=97.983- Test=96.375
2019-06-11 00:41:53,917 - DEBUG - Accuracy - epoch 80:  Train=98.027- Test=96.408
2019-06-11 00:41:55,966 - DEBUG - Accuracy - epoch 85:  Train=98.071- Test=96.4
2019-06-11 00:41:58,031 - DEBUG - Accuracy - epoch 90:  Train=98.083- Test=96.417
2019-06-11 00:42:00,099 - DEBUG - Accuracy - epoch 95:  Train=98.119- Test=96.433
2019-06-11 00:42:01,733 - INFO - Train acc - epoch: 100:  98.129
2019-06-11 00:42:02,891 - INFO - Test acc - epoch:96.433
2019-06-11 00:42:02,891 - DEBUG - ---------------------------------------------------------------------
2019-06-11 00:43:07,933 - INFO - neurons= [30]
2019-06-11 00:43:14,455 - INFO - learning rate=0.003 momentum update=0.99 minibatch=100
2019-06-11 00:43:27,259 - DEBUG - Accuracy - epoch 0:  Train=87.481- Test=87.375
2019-06-11 00:43:29,370 - DEBUG - Accuracy - epoch 5:  Train=94.41- Test=93.942
2019-06-11 00:43:31,463 - DEBUG - Accuracy - epoch 10:  Train=95.633- Test=95.083
2019-06-11 00:43:33,563 - DEBUG - Accuracy - epoch 15:  Train=96.275- Test=95.442
2019-06-11 00:43:35,658 - DEBUG - Accuracy - epoch 20:  Train=96.733- Test=95.808
2019-06-11 00:43:37,751 - DEBUG - Accuracy - epoch 25:  Train=96.981- Test=95.933
2019-06-11 00:43:39,912 - DEBUG - Accuracy - epoch 30:  Train=97.15- Test=96.033
2019-06-11 00:43:42,028 - DEBUG - Accuracy - epoch 35:  Train=97.317- Test=96.125
2019-06-11 00:43:44,143 - DEBUG - Accuracy - epoch 40:  Train=97.496- Test=96.15
2019-06-11 00:43:46,259 - DEBUG - Accuracy - epoch 45:  Train=97.588- Test=96.2
2019-06-11 00:43:48,454 - DEBUG - Accuracy - epoch 50:  Train=97.702- Test=96.242
2019-06-11 00:43:50,603 - DEBUG - Accuracy - epoch 55:  Train=97.773- Test=96.317
2019-06-11 00:43:52,736 - DEBUG - Accuracy - epoch 60:  Train=97.827- Test=96.3
2019-06-11 00:43:54,861 - DEBUG - Accuracy - epoch 65:  Train=97.879- Test=96.333
2019-06-11 00:43:56,982 - DEBUG - Accuracy - epoch 70:  Train=97.942- Test=96.325
2019-06-11 00:43:59,084 - DEBUG - Accuracy - epoch 75:  Train=97.983- Test=96.35
2019-06-11 00:44:01,215 - DEBUG - Accuracy - epoch 80:  Train=98.017- Test=96.333
2019-06-11 00:44:03,335 - DEBUG - Accuracy - epoch 85:  Train=98.071- Test=96.35
2019-06-11 00:44:05,479 - DEBUG - Accuracy - epoch 90:  Train=98.088- Test=96.325
2019-06-11 00:44:07,593 - DEBUG - Accuracy - epoch 95:  Train=98.094- Test=96.342
2019-06-11 00:44:09,275 - INFO - Train acc - epoch: 100:  98.115
2019-06-11 00:44:09,336 - INFO - Test acc - epoch:96.358
2019-06-11 00:44:09,336 - DEBUG - ---------------------------------------------------------------------
2019-06-11 00:44:32,944 - INFO - neurons= [30]
2019-06-11 00:44:34,528 - INFO - learning rate=0.003 momentum update=0.99 minibatch=100
2019-06-11 00:44:37,135 - DEBUG - Accuracy - epoch 0:  Train=87.115- Test=86.667
2019-06-11 00:44:39,320 - DEBUG - Accuracy - epoch 5:  Train=94.373- Test=93.283
2019-06-11 00:44:41,444 - DEBUG - Accuracy - epoch 10:  Train=95.771- Test=94.742
2019-06-11 00:44:43,584 - DEBUG - Accuracy - epoch 15:  Train=96.369- Test=95.283
2019-06-11 00:44:45,756 - DEBUG - Accuracy - epoch 20:  Train=96.773- Test=95.475
2019-06-11 00:44:47,856 - DEBUG - Accuracy - epoch 25:  Train=97.008- Test=95.725
2019-06-11 00:44:49,969 - DEBUG - Accuracy - epoch 30:  Train=97.202- Test=95.767
2019-06-11 00:44:52,076 - DEBUG - Accuracy - epoch 35:  Train=97.365- Test=95.842
2019-06-11 00:44:54,215 - DEBUG - Accuracy - epoch 40:  Train=97.51- Test=95.933
2019-06-11 00:44:56,307 - DEBUG - Accuracy - epoch 45:  Train=97.612- Test=95.975
2019-06-11 00:44:58,404 - DEBUG - Accuracy - epoch 50:  Train=97.723- Test=96.058
2019-06-11 00:45:00,585 - DEBUG - Accuracy - epoch 55:  Train=97.821- Test=96.125
2019-06-11 00:45:02,724 - DEBUG - Accuracy - epoch 60:  Train=97.892- Test=96.175
2019-06-11 00:45:05,115 - DEBUG - Accuracy - epoch 65:  Train=97.962- Test=96.192
2019-06-11 00:45:07,526 - DEBUG - Accuracy - epoch 70:  Train=98.023- Test=96.192
2019-06-11 00:45:10,070 - DEBUG - Accuracy - epoch 75:  Train=98.088- Test=96.283
2019-06-11 00:45:12,512 - DEBUG - Accuracy - epoch 80:  Train=98.108- Test=96.283
2019-06-11 00:45:14,946 - DEBUG - Accuracy - epoch 85:  Train=98.154- Test=96.3
2019-06-11 00:45:17,400 - DEBUG - Accuracy - epoch 90:  Train=98.175- Test=96.333
2019-06-11 00:45:19,722 - DEBUG - Accuracy - epoch 95:  Train=98.2- Test=96.317
2019-06-11 00:45:21,750 - INFO - Train acc - epoch: 100:  98.231
2019-06-11 00:45:21,845 - INFO - Test acc - epoch:96.342
2019-06-11 00:45:21,845 - DEBUG - ---------------------------------------------------------------------
2019-06-11 00:45:32,332 - INFO - neurons= [30]
2019-06-11 00:45:32,534 - INFO - learning rate=0.003 momentum update=0.99 minibatch=100
2019-06-11 00:45:33,207 - DEBUG - Accuracy - epoch 0:  Train=87.181- Test=87.15
2019-06-11 00:45:35,423 - DEBUG - Accuracy - epoch 5:  Train=94.394- Test=93.667
2019-06-11 00:45:37,664 - DEBUG - Accuracy - epoch 10:  Train=95.756- Test=94.742
2019-06-11 00:45:39,846 - DEBUG - Accuracy - epoch 15:  Train=96.379- Test=95.167
2019-06-11 00:45:42,207 - DEBUG - Accuracy - epoch 20:  Train=96.833- Test=95.658
2019-06-11 00:45:44,670 - DEBUG - Accuracy - epoch 25:  Train=97.092- Test=95.708
2019-06-11 00:45:47,135 - DEBUG - Accuracy - epoch 30:  Train=97.304- Test=95.775
2019-06-11 00:45:49,577 - DEBUG - Accuracy - epoch 35:  Train=97.475- Test=95.842
2019-06-11 00:45:51,899 - DEBUG - Accuracy - epoch 40:  Train=97.567- Test=95.975
2019-06-11 00:45:54,320 - DEBUG - Accuracy - epoch 45:  Train=97.667- Test=96.033
2019-06-11 00:45:56,763 - DEBUG - Accuracy - epoch 50:  Train=97.765- Test=96.067
2019-06-11 00:45:59,180 - DEBUG - Accuracy - epoch 55:  Train=97.848- Test=96.142
2019-06-11 00:46:01,591 - DEBUG - Accuracy - epoch 60:  Train=97.885- Test=96.167
2019-06-11 00:46:03,982 - DEBUG - Accuracy - epoch 65:  Train=97.921- Test=96.208
2019-06-11 00:46:06,410 - DEBUG - Accuracy - epoch 70:  Train=97.96- Test=96.2
2019-06-11 00:46:08,834 - DEBUG - Accuracy - epoch 75:  Train=97.998- Test=96.208
2019-06-11 00:46:11,301 - DEBUG - Accuracy - epoch 80:  Train=98.029- Test=96.217
2019-06-11 00:46:13,710 - DEBUG - Accuracy - epoch 85:  Train=98.056- Test=96.208
2019-06-11 00:46:16,184 - DEBUG - Accuracy - epoch 90:  Train=98.075- Test=96.208
2019-06-11 00:46:18,574 - DEBUG - Accuracy - epoch 95:  Train=98.102- Test=96.275
2019-06-11 00:46:20,524 - INFO - Train acc - epoch: 100:  98.108
2019-06-11 00:46:20,590 - INFO - Test acc - epoch:96.267
2019-06-11 00:46:20,590 - DEBUG - ---------------------------------------------------------------------
2019-06-11 00:46:23,122 - INFO - neurons= [30]
2019-06-11 00:46:23,124 - INFO - learning rate=0.003 momentum update=0.99 minibatch=100
2019-06-11 00:46:23,855 - DEBUG - Accuracy - epoch 0:  Train=87.608- Test=87.358
2019-06-11 00:46:26,228 - DEBUG - Accuracy - epoch 5:  Train=94.125- Test=93.308
2019-06-11 00:46:28,743 - DEBUG - Accuracy - epoch 10:  Train=95.642- Test=94.675
2019-06-11 00:46:31,131 - DEBUG - Accuracy - epoch 15:  Train=96.296- Test=95.125
2019-06-11 00:46:33,648 - DEBUG - Accuracy - epoch 20:  Train=96.69- Test=95.425
2019-06-11 00:46:36,066 - DEBUG - Accuracy - epoch 25:  Train=96.969- Test=95.592
2019-06-11 00:46:38,503 - DEBUG - Accuracy - epoch 30:  Train=97.146- Test=95.675
2019-06-11 00:46:40,951 - DEBUG - Accuracy - epoch 35:  Train=97.323- Test=95.792
2019-06-11 00:46:43,326 - DEBUG - Accuracy - epoch 40:  Train=97.465- Test=95.825
2019-06-11 00:46:45,777 - DEBUG - Accuracy - epoch 45:  Train=97.56- Test=95.8
2019-06-11 00:46:48,056 - DEBUG - Accuracy - epoch 50:  Train=97.658- Test=95.825
2019-06-11 00:46:50,476 - DEBUG - Accuracy - epoch 55:  Train=97.746- Test=95.833
2019-06-11 00:46:52,938 - DEBUG - Accuracy - epoch 60:  Train=97.829- Test=95.867
2019-06-11 00:46:55,347 - DEBUG - Accuracy - epoch 65:  Train=97.879- Test=95.883
2019-06-11 00:46:57,758 - DEBUG - Accuracy - epoch 70:  Train=97.923- Test=95.883
2019-06-11 00:47:00,144 - DEBUG - Accuracy - epoch 75:  Train=97.962- Test=95.908
2019-06-11 00:47:02,581 - DEBUG - Accuracy - epoch 80:  Train=97.981- Test=95.95
2019-06-11 00:47:05,017 - DEBUG - Accuracy - epoch 85:  Train=98.015- Test=95.967
2019-06-11 00:47:07,447 - DEBUG - Accuracy - epoch 90:  Train=98.052- Test=95.975
2019-06-11 00:47:09,873 - DEBUG - Accuracy - epoch 95:  Train=98.085- Test=95.975
2019-06-11 00:47:11,841 - INFO - Train acc - epoch: 100:  98.1
2019-06-11 00:47:11,946 - INFO - Test acc - epoch:96.0
2019-06-11 00:47:11,947 - DEBUG - ---------------------------------------------------------------------
2019-06-11 00:47:15,812 - INFO - neurons= [50]
2019-06-11 00:47:16,439 - INFO - learning rate=0.003 momentum update=0.99 minibatch=100
2019-06-11 00:47:17,708 - DEBUG - Accuracy - epoch 0:  Train=87.698- Test=87.667
2019-06-11 00:47:20,843 - DEBUG - Accuracy - epoch 5:  Train=94.719- Test=94.45
2019-06-11 00:47:24,029 - DEBUG - Accuracy - epoch 10:  Train=96.377- Test=95.842
2019-06-11 00:47:27,176 - DEBUG - Accuracy - epoch 15:  Train=97.181- Test=96.333
2019-06-11 00:47:30,419 - DEBUG - Accuracy - epoch 20:  Train=97.662- Test=96.667
2019-06-11 00:47:33,627 - DEBUG - Accuracy - epoch 25:  Train=97.975- Test=96.883
2019-06-11 00:47:36,831 - DEBUG - Accuracy - epoch 30:  Train=98.198- Test=96.917
2019-06-11 00:47:40,057 - DEBUG - Accuracy - epoch 35:  Train=98.352- Test=96.95
2019-06-11 00:47:43,223 - DEBUG - Accuracy - epoch 40:  Train=98.452- Test=97.025
2019-06-11 00:47:46,432 - DEBUG - Accuracy - epoch 45:  Train=98.523- Test=97.067
2019-06-11 00:47:49,684 - DEBUG - Accuracy - epoch 50:  Train=98.615- Test=97.05
2019-06-11 00:47:52,903 - DEBUG - Accuracy - epoch 55:  Train=98.677- Test=97.15
2019-06-11 00:47:56,079 - DEBUG - Accuracy - epoch 60:  Train=98.727- Test=97.158
2019-06-11 00:47:59,289 - DEBUG - Accuracy - epoch 65:  Train=98.783- Test=97.175
2019-06-11 00:48:02,529 - DEBUG - Accuracy - epoch 70:  Train=98.812- Test=97.217
2019-06-11 00:48:05,743 - DEBUG - Accuracy - epoch 75:  Train=98.848- Test=97.233
2019-06-11 00:48:08,956 - DEBUG - Accuracy - epoch 80:  Train=98.879- Test=97.2
2019-06-11 00:48:12,146 - DEBUG - Accuracy - epoch 85:  Train=98.896- Test=97.183
2019-06-11 00:48:15,264 - DEBUG - Accuracy - epoch 90:  Train=98.923- Test=97.192
2019-06-11 00:48:18,485 - DEBUG - Accuracy - epoch 95:  Train=98.935- Test=97.158
2019-06-11 00:48:21,156 - INFO - Train acc - epoch: 100:  98.95
2019-06-11 00:48:21,249 - INFO - Test acc - epoch:97.158
2019-06-11 00:48:21,249 - DEBUG - ---------------------------------------------------------------------
2019-06-11 00:48:22,039 - INFO - neurons= [50]
2019-06-11 00:48:22,041 - INFO - learning rate=0.003 momentum update=0.99 minibatch=100
2019-06-11 00:48:23,279 - DEBUG - Accuracy - epoch 0:  Train=87.735- Test=87.7
2019-06-11 00:48:26,520 - DEBUG - Accuracy - epoch 5:  Train=94.638- Test=94.333
2019-06-11 00:48:29,747 - DEBUG - Accuracy - epoch 10:  Train=96.248- Test=95.708
2019-06-11 00:48:32,945 - DEBUG - Accuracy - epoch 15:  Train=97.017- Test=96.342
2019-06-11 00:48:36,168 - DEBUG - Accuracy - epoch 20:  Train=97.433- Test=96.608
2019-06-11 00:48:39,424 - DEBUG - Accuracy - epoch 25:  Train=97.754- Test=96.783
2019-06-11 00:48:42,669 - DEBUG - Accuracy - epoch 30:  Train=97.969- Test=96.9
2019-06-11 00:48:45,909 - DEBUG - Accuracy - epoch 35:  Train=98.133- Test=96.95
2019-06-11 00:48:49,141 - DEBUG - Accuracy - epoch 40:  Train=98.265- Test=96.983
2019-06-11 00:48:52,318 - DEBUG - Accuracy - epoch 45:  Train=98.404- Test=96.992
2019-06-11 00:48:55,536 - DEBUG - Accuracy - epoch 50:  Train=98.49- Test=97.05
2019-06-11 00:48:58,742 - DEBUG - Accuracy - epoch 55:  Train=98.571- Test=97.125
2019-06-11 00:49:01,995 - DEBUG - Accuracy - epoch 60:  Train=98.629- Test=97.117
2019-06-11 00:49:05,198 - DEBUG - Accuracy - epoch 65:  Train=98.673- Test=97.15
2019-06-11 00:49:08,330 - DEBUG - Accuracy - epoch 70:  Train=98.719- Test=97.15
2019-06-11 00:49:11,538 - DEBUG - Accuracy - epoch 75:  Train=98.758- Test=97.175
2019-06-11 00:49:14,771 - DEBUG - Accuracy - epoch 80:  Train=98.779- Test=97.175
2019-06-11 00:49:18,030 - DEBUG - Accuracy - epoch 85:  Train=98.792- Test=97.167
2019-06-11 00:49:21,230 - DEBUG - Accuracy - epoch 90:  Train=98.817- Test=97.208
2019-06-11 00:49:24,406 - DEBUG - Accuracy - epoch 95:  Train=98.833- Test=97.167
2019-06-11 00:49:27,123 - INFO - Train acc - epoch: 100:  98.84
2019-06-11 00:49:27,236 - INFO - Test acc - epoch:97.15
2019-06-11 00:49:27,236 - DEBUG - ---------------------------------------------------------------------
2019-06-11 00:49:28,157 - INFO - neurons= [50]
2019-06-11 00:49:28,167 - INFO - learning rate=0.003 momentum update=0.99 minibatch=100
2019-06-11 00:49:29,368 - DEBUG - Accuracy - epoch 0:  Train=87.802- Test=87.317
2019-06-11 00:49:32,601 - DEBUG - Accuracy - epoch 5:  Train=94.948- Test=94.183
2019-06-11 00:49:35,795 - DEBUG - Accuracy - epoch 10:  Train=96.39- Test=95.375
2019-06-11 00:49:38,998 - DEBUG - Accuracy - epoch 15:  Train=97.115- Test=96.0
2019-06-11 00:49:42,174 - DEBUG - Accuracy - epoch 20:  Train=97.546- Test=96.25
2019-06-11 00:49:45,292 - DEBUG - Accuracy - epoch 25:  Train=97.831- Test=96.408
2019-06-11 00:49:48,472 - DEBUG - Accuracy - epoch 30:  Train=98.054- Test=96.542
2019-06-11 00:49:51,647 - DEBUG - Accuracy - epoch 35:  Train=98.235- Test=96.617
2019-06-11 00:49:54,815 - DEBUG - Accuracy - epoch 40:  Train=98.369- Test=96.708
2019-06-11 00:49:58,036 - DEBUG - Accuracy - epoch 45:  Train=98.477- Test=96.75
2019-06-11 00:50:01,196 - DEBUG - Accuracy - epoch 50:  Train=98.548- Test=96.758
2019-06-11 00:50:04,300 - DEBUG - Accuracy - epoch 55:  Train=98.61- Test=96.75
2019-06-11 00:50:07,452 - DEBUG - Accuracy - epoch 60:  Train=98.66- Test=96.808
2019-06-11 00:50:10,646 - DEBUG - Accuracy - epoch 65:  Train=98.696- Test=96.825
2019-06-11 00:50:13,848 - DEBUG - Accuracy - epoch 70:  Train=98.752- Test=96.825
2019-06-11 00:50:17,002 - DEBUG - Accuracy - epoch 75:  Train=98.783- Test=96.833
2019-06-11 00:50:20,117 - DEBUG - Accuracy - epoch 80:  Train=98.825- Test=96.842
2019-06-11 00:50:23,229 - DEBUG - Accuracy - epoch 85:  Train=98.86- Test=96.908
2019-06-11 00:50:26,324 - DEBUG - Accuracy - epoch 90:  Train=98.879- Test=96.908
2019-06-11 00:50:29,470 - DEBUG - Accuracy - epoch 95:  Train=98.894- Test=96.9
2019-06-11 00:50:32,081 - INFO - Train acc - epoch: 100:  98.915
2019-06-11 00:50:32,200 - INFO - Test acc - epoch:96.917
2019-06-11 00:50:32,200 - DEBUG - ---------------------------------------------------------------------
2019-06-11 00:50:33,098 - INFO - neurons= [50]
2019-06-11 00:50:33,118 - INFO - learning rate=0.003 momentum update=0.99 minibatch=100
2019-06-11 00:50:34,277 - DEBUG - Accuracy - epoch 0:  Train=87.904- Test=87.692
2019-06-11 00:50:37,536 - DEBUG - Accuracy - epoch 5:  Train=94.929- Test=93.933
2019-06-11 00:50:40,800 - DEBUG - Accuracy - epoch 10:  Train=96.342- Test=95.108
2019-06-11 00:50:44,010 - DEBUG - Accuracy - epoch 15:  Train=97.04- Test=95.792
2019-06-11 00:50:47,195 - DEBUG - Accuracy - epoch 20:  Train=97.502- Test=96.167
2019-06-11 00:50:50,386 - DEBUG - Accuracy - epoch 25:  Train=97.84- Test=96.467
2019-06-11 00:50:53,640 - DEBUG - Accuracy - epoch 30:  Train=98.021- Test=96.608
2019-06-11 00:50:56,852 - DEBUG - Accuracy - epoch 35:  Train=98.173- Test=96.733
2019-06-11 00:51:00,049 - DEBUG - Accuracy - epoch 40:  Train=98.271- Test=96.75
2019-06-11 00:51:03,238 - DEBUG - Accuracy - epoch 45:  Train=98.362- Test=96.833
2019-06-11 00:51:06,423 - DEBUG - Accuracy - epoch 50:  Train=98.438- Test=96.9
2019-06-11 00:51:09,659 - DEBUG - Accuracy - epoch 55:  Train=98.49- Test=96.925
2019-06-11 00:51:12,897 - DEBUG - Accuracy - epoch 60:  Train=98.548- Test=96.942
2019-06-11 00:51:16,097 - DEBUG - Accuracy - epoch 65:  Train=98.59- Test=96.975
2019-06-11 00:51:19,372 - DEBUG - Accuracy - epoch 70:  Train=98.615- Test=96.983
2019-06-11 00:51:22,625 - DEBUG - Accuracy - epoch 75:  Train=98.642- Test=96.967
2019-06-11 00:51:25,815 - DEBUG - Accuracy - epoch 80:  Train=98.671- Test=97.017
2019-06-11 00:51:29,056 - DEBUG - Accuracy - epoch 85:  Train=98.717- Test=97.017
2019-06-11 00:51:32,243 - DEBUG - Accuracy - epoch 90:  Train=98.746- Test=97.033
2019-06-11 00:51:35,400 - DEBUG - Accuracy - epoch 95:  Train=98.767- Test=97.067
2019-06-11 00:51:38,086 - INFO - Train acc - epoch: 100:  98.79
2019-06-11 00:51:38,167 - INFO - Test acc - epoch:97.092
2019-06-11 00:51:38,168 - DEBUG - ---------------------------------------------------------------------
2019-06-11 00:51:39,011 - INFO - neurons= [50]
2019-06-11 00:51:39,013 - INFO - learning rate=0.003 momentum update=0.99 minibatch=100
2019-06-11 00:51:40,233 - DEBUG - Accuracy - epoch 0:  Train=87.931- Test=87.717
2019-06-11 00:51:43,364 - DEBUG - Accuracy - epoch 5:  Train=94.931- Test=94.325
2019-06-11 00:51:46,592 - DEBUG - Accuracy - epoch 10:  Train=96.429- Test=95.575
2019-06-11 00:51:49,851 - DEBUG - Accuracy - epoch 15:  Train=97.154- Test=96.042
2019-06-11 00:51:53,066 - DEBUG - Accuracy - epoch 20:  Train=97.588- Test=96.417
2019-06-11 00:51:56,305 - DEBUG - Accuracy - epoch 25:  Train=97.913- Test=96.575
2019-06-11 00:51:59,464 - DEBUG - Accuracy - epoch 30:  Train=98.167- Test=96.742
2019-06-11 00:52:02,683 - DEBUG - Accuracy - epoch 35:  Train=98.348- Test=96.858
2019-06-11 00:52:05,906 - DEBUG - Accuracy - epoch 40:  Train=98.465- Test=96.958
2019-06-11 00:52:09,173 - DEBUG - Accuracy - epoch 45:  Train=98.554- Test=96.917
2019-06-11 00:52:12,400 - DEBUG - Accuracy - epoch 50:  Train=98.621- Test=96.958
2019-06-11 00:52:15,575 - DEBUG - Accuracy - epoch 55:  Train=98.688- Test=97.0
2019-06-11 00:52:18,825 - DEBUG - Accuracy - epoch 60:  Train=98.735- Test=97.033
2019-06-11 00:52:22,094 - DEBUG - Accuracy - epoch 65:  Train=98.785- Test=97.033
2019-06-11 00:52:25,327 - DEBUG - Accuracy - epoch 70:  Train=98.825- Test=97.025
2019-06-11 00:52:28,480 - DEBUG - Accuracy - epoch 75:  Train=98.871- Test=97.033
2019-06-11 00:52:31,694 - DEBUG - Accuracy - epoch 80:  Train=98.894- Test=97.033
2019-06-11 00:52:34,944 - DEBUG - Accuracy - epoch 85:  Train=98.927- Test=97.058
2019-06-11 00:52:38,205 - DEBUG - Accuracy - epoch 90:  Train=98.944- Test=97.042
2019-06-11 00:52:41,395 - DEBUG - Accuracy - epoch 95:  Train=98.96- Test=97.058
2019-06-11 00:52:43,970 - INFO - Train acc - epoch: 100:  98.977
2019-06-11 00:52:44,047 - INFO - Test acc - epoch:97.05
2019-06-11 00:52:44,048 - DEBUG - ---------------------------------------------------------------------
2019-06-11 00:52:44,806 - INFO - neurons= [70]
2019-06-11 00:52:44,809 - INFO - learning rate=0.003 momentum update=0.99 minibatch=100
2019-06-11 00:52:46,207 - DEBUG - Accuracy - epoch 0:  Train=88.065- Test=88.125
2019-06-11 00:52:50,148 - DEBUG - Accuracy - epoch 5:  Train=95.196- Test=94.708
2019-06-11 00:52:54,143 - DEBUG - Accuracy - epoch 10:  Train=96.719- Test=95.975
2019-06-11 00:52:58,150 - DEBUG - Accuracy - epoch 15:  Train=97.419- Test=96.575
2019-06-11 00:53:02,136 - DEBUG - Accuracy - epoch 20:  Train=97.821- Test=96.975
2019-06-11 00:53:06,193 - DEBUG - Accuracy - epoch 25:  Train=98.14- Test=97.133
2019-06-11 00:53:10,166 - DEBUG - Accuracy - epoch 30:  Train=98.338- Test=97.275
2019-06-11 00:53:14,259 - DEBUG - Accuracy - epoch 35:  Train=98.475- Test=97.358
2019-06-11 00:53:18,284 - DEBUG - Accuracy - epoch 40:  Train=98.567- Test=97.367
2019-06-11 00:53:22,445 - DEBUG - Accuracy - epoch 45:  Train=98.673- Test=97.325
2019-06-11 00:53:26,564 - DEBUG - Accuracy - epoch 50:  Train=98.735- Test=97.342
2019-06-11 00:53:30,705 - DEBUG - Accuracy - epoch 55:  Train=98.794- Test=97.375
2019-06-11 00:53:34,916 - DEBUG - Accuracy - epoch 60:  Train=98.858- Test=97.383
2019-06-11 00:53:39,128 - DEBUG - Accuracy - epoch 65:  Train=98.908- Test=97.392
2019-06-11 00:53:43,311 - DEBUG - Accuracy - epoch 70:  Train=98.969- Test=97.408
2019-06-11 00:53:47,464 - DEBUG - Accuracy - epoch 75:  Train=98.996- Test=97.433
2019-06-11 00:53:51,595 - DEBUG - Accuracy - epoch 80:  Train=99.019- Test=97.45
2019-06-11 00:53:55,784 - DEBUG - Accuracy - epoch 85:  Train=99.033- Test=97.475
2019-06-11 00:53:59,963 - DEBUG - Accuracy - epoch 90:  Train=99.05- Test=97.492
2019-06-11 00:54:04,160 - DEBUG - Accuracy - epoch 95:  Train=99.062- Test=97.508
2019-06-11 00:54:07,604 - INFO - Train acc - epoch: 100:  99.077
2019-06-11 00:54:07,737 - INFO - Test acc - epoch:97.533
2019-06-11 00:54:07,737 - DEBUG - ---------------------------------------------------------------------
2019-06-11 00:54:08,575 - INFO - neurons= [70]
2019-06-11 00:54:08,577 - INFO - learning rate=0.003 momentum update=0.99 minibatch=100
2019-06-11 00:54:10,188 - DEBUG - Accuracy - epoch 0:  Train=88.177- Test=88.142
2019-06-11 00:54:14,448 - DEBUG - Accuracy - epoch 5:  Train=95.048- Test=94.758
2019-06-11 00:54:18,626 - DEBUG - Accuracy - epoch 10:  Train=96.635- Test=95.967
2019-06-11 00:54:22,873 - DEBUG - Accuracy - epoch 15:  Train=97.44- Test=96.533
2019-06-11 00:54:27,123 - DEBUG - Accuracy - epoch 20:  Train=97.896- Test=96.85
2019-06-11 00:54:31,388 - DEBUG - Accuracy - epoch 25:  Train=98.14- Test=97.083
2019-06-11 00:54:35,586 - DEBUG - Accuracy - epoch 30:  Train=98.369- Test=97.192
2019-06-11 00:54:39,823 - DEBUG - Accuracy - epoch 35:  Train=98.512- Test=97.275
2019-06-11 00:54:44,075 - DEBUG - Accuracy - epoch 40:  Train=98.65- Test=97.333
2019-06-11 00:54:48,496 - DEBUG - Accuracy - epoch 45:  Train=98.729- Test=97.367
2019-06-11 00:54:52,704 - DEBUG - Accuracy - epoch 50:  Train=98.798- Test=97.35
2019-06-11 00:54:56,936 - DEBUG - Accuracy - epoch 55:  Train=98.852- Test=97.392
2019-06-11 00:55:01,207 - DEBUG - Accuracy - epoch 60:  Train=98.915- Test=97.408
2019-06-11 00:55:05,474 - DEBUG - Accuracy - epoch 65:  Train=98.942- Test=97.417
2019-06-11 00:55:09,707 - DEBUG - Accuracy - epoch 70:  Train=98.977- Test=97.4
2019-06-11 00:55:13,986 - DEBUG - Accuracy - epoch 75:  Train=99.008- Test=97.392
2019-06-11 00:55:18,271 - DEBUG - Accuracy - epoch 80:  Train=99.033- Test=97.4
2019-06-11 00:55:22,521 - DEBUG - Accuracy - epoch 85:  Train=99.056- Test=97.392
2019-06-11 00:55:26,723 - DEBUG - Accuracy - epoch 90:  Train=99.087- Test=97.367
2019-06-11 00:55:31,002 - DEBUG - Accuracy - epoch 95:  Train=99.108- Test=97.383
2019-06-11 00:55:34,516 - INFO - Train acc - epoch: 100:  99.119
2019-06-11 00:55:34,651 - INFO - Test acc - epoch:97.383
2019-06-11 00:55:34,651 - DEBUG - ---------------------------------------------------------------------
2019-06-11 00:55:35,562 - INFO - neurons= [70]
2019-06-11 00:55:35,565 - INFO - learning rate=0.003 momentum update=0.99 minibatch=100
2019-06-11 00:55:37,147 - DEBUG - Accuracy - epoch 0:  Train=88.121- Test=87.742
2019-06-11 00:55:41,325 - DEBUG - Accuracy - epoch 5:  Train=95.044- Test=94.317
2019-06-11 00:55:45,494 - DEBUG - Accuracy - epoch 10:  Train=96.621- Test=95.633
2019-06-11 00:55:49,633 - DEBUG - Accuracy - epoch 15:  Train=97.323- Test=96.233
2019-06-11 00:55:53,723 - DEBUG - Accuracy - epoch 20:  Train=97.758- Test=96.592
2019-06-11 00:55:57,885 - DEBUG - Accuracy - epoch 25:  Train=98.096- Test=96.767
2019-06-11 00:56:02,076 - DEBUG - Accuracy - epoch 30:  Train=98.344- Test=96.875
2019-06-11 00:56:06,266 - DEBUG - Accuracy - epoch 35:  Train=98.49- Test=97.017
2019-06-11 00:56:10,432 - DEBUG - Accuracy - epoch 40:  Train=98.608- Test=97.05
2019-06-11 00:56:14,583 - DEBUG - Accuracy - epoch 45:  Train=98.69- Test=97.125
2019-06-11 00:56:18,690 - DEBUG - Accuracy - epoch 50:  Train=98.792- Test=97.1
2019-06-11 00:56:23,147 - DEBUG - Accuracy - epoch 55:  Train=98.869- Test=97.15
2019-06-11 00:56:27,456 - DEBUG - Accuracy - epoch 60:  Train=98.927- Test=97.183
2019-06-11 00:56:32,326 - DEBUG - Accuracy - epoch 65:  Train=98.965- Test=97.225
2019-06-11 00:56:36,879 - DEBUG - Accuracy - epoch 70:  Train=98.996- Test=97.25
2019-06-11 00:56:41,037 - DEBUG - Accuracy - epoch 75:  Train=99.035- Test=97.275
2019-06-11 00:56:45,220 - DEBUG - Accuracy - epoch 80:  Train=99.06- Test=97.283
2019-06-11 00:56:49,422 - DEBUG - Accuracy - epoch 85:  Train=99.077- Test=97.283
2019-06-11 00:56:53,571 - DEBUG - Accuracy - epoch 90:  Train=99.085- Test=97.358
2019-06-11 00:56:57,704 - DEBUG - Accuracy - epoch 95:  Train=99.106- Test=97.358
2019-06-11 00:57:01,058 - INFO - Train acc - epoch: 100:  99.127
2019-06-11 00:57:01,203 - INFO - Test acc - epoch:97.375
2019-06-11 00:57:01,203 - DEBUG - ---------------------------------------------------------------------
2019-06-11 00:57:10,007 - INFO - neurons= [70]
2019-06-11 00:57:10,373 - INFO - learning rate=0.003 momentum update=0.99 minibatch=100
2019-06-11 00:57:11,916 - DEBUG - Accuracy - epoch 0:  Train=88.167- Test=87.908
2019-06-11 00:57:16,166 - DEBUG - Accuracy - epoch 5:  Train=95.206- Test=94.3
2019-06-11 00:57:20,416 - DEBUG - Accuracy - epoch 10:  Train=96.744- Test=95.592
2019-06-11 00:57:24,660 - DEBUG - Accuracy - epoch 15:  Train=97.45- Test=96.342
2019-06-11 00:57:28,848 - DEBUG - Accuracy - epoch 20:  Train=97.925- Test=96.633
2019-06-11 00:57:33,101 - DEBUG - Accuracy - epoch 25:  Train=98.188- Test=96.85
2019-06-11 00:57:37,456 - DEBUG - Accuracy - epoch 30:  Train=98.358- Test=96.917
2019-06-11 00:57:41,692 - DEBUG - Accuracy - epoch 35:  Train=98.49- Test=96.983
2019-06-11 00:57:45,882 - DEBUG - Accuracy - epoch 40:  Train=98.61- Test=97.033
2019-06-11 00:57:50,112 - DEBUG - Accuracy - epoch 45:  Train=98.704- Test=97.075
2019-06-11 00:57:54,371 - DEBUG - Accuracy - epoch 50:  Train=98.754- Test=97.092
2019-06-11 00:57:58,667 - DEBUG - Accuracy - epoch 55:  Train=98.821- Test=97.125
2019-06-11 00:58:02,864 - DEBUG - Accuracy - epoch 60:  Train=98.879- Test=97.175
2019-06-11 00:58:07,117 - DEBUG - Accuracy - epoch 65:  Train=98.921- Test=97.225
2019-06-11 00:58:11,368 - DEBUG - Accuracy - epoch 70:  Train=98.96- Test=97.242
2019-06-11 00:58:15,616 - DEBUG - Accuracy - epoch 75:  Train=98.977- Test=97.25
2019-06-11 00:58:19,816 - DEBUG - Accuracy - epoch 80:  Train=98.992- Test=97.242
2019-06-11 00:58:24,075 - DEBUG - Accuracy - epoch 85:  Train=99.019- Test=97.292
2019-06-11 00:58:28,346 - DEBUG - Accuracy - epoch 90:  Train=99.035- Test=97.308
2019-06-11 00:58:32,575 - DEBUG - Accuracy - epoch 95:  Train=99.054- Test=97.325
2019-06-11 00:58:36,042 - INFO - Train acc - epoch: 100:  99.067
2019-06-11 00:58:36,148 - INFO - Test acc - epoch:97.317
2019-06-11 00:58:36,149 - DEBUG - ---------------------------------------------------------------------
2019-06-11 00:58:37,014 - INFO - neurons= [70]
2019-06-11 00:58:37,017 - INFO - learning rate=0.003 momentum update=0.99 minibatch=100
2019-06-11 00:58:38,511 - DEBUG - Accuracy - epoch 0:  Train=88.492- Test=88.258
2019-06-11 00:58:42,750 - DEBUG - Accuracy - epoch 5:  Train=95.021- Test=94.475
2019-06-11 00:58:46,944 - DEBUG - Accuracy - epoch 10:  Train=96.633- Test=95.708
2019-06-11 00:58:51,189 - DEBUG - Accuracy - epoch 15:  Train=97.35- Test=96.383
2019-06-11 00:58:55,434 - DEBUG - Accuracy - epoch 20:  Train=97.817- Test=96.617
2019-06-11 00:58:59,704 - DEBUG - Accuracy - epoch 25:  Train=98.079- Test=96.75
2019-06-11 00:59:03,900 - DEBUG - Accuracy - epoch 30:  Train=98.327- Test=96.875
2019-06-11 00:59:08,164 - DEBUG - Accuracy - epoch 35:  Train=98.488- Test=97.042
2019-06-11 00:59:12,410 - DEBUG - Accuracy - epoch 40:  Train=98.612- Test=97.158
2019-06-11 00:59:16,685 - DEBUG - Accuracy - epoch 45:  Train=98.7- Test=97.208
2019-06-11 00:59:20,880 - DEBUG - Accuracy - epoch 50:  Train=98.775- Test=97.292
2019-06-11 00:59:25,161 - DEBUG - Accuracy - epoch 55:  Train=98.844- Test=97.275
2019-06-11 00:59:29,394 - DEBUG - Accuracy - epoch 60:  Train=98.894- Test=97.3
2019-06-11 00:59:33,641 - DEBUG - Accuracy - epoch 65:  Train=98.923- Test=97.333
2019-06-11 00:59:37,853 - DEBUG - Accuracy - epoch 70:  Train=98.965- Test=97.333
2019-06-11 00:59:42,044 - DEBUG - Accuracy - epoch 75:  Train=98.979- Test=97.342
2019-06-11 00:59:46,307 - DEBUG - Accuracy - epoch 80:  Train=98.992- Test=97.358
2019-06-11 00:59:50,575 - DEBUG - Accuracy - epoch 85:  Train=99.025- Test=97.367
2019-06-11 00:59:54,823 - DEBUG - Accuracy - epoch 90:  Train=99.042- Test=97.408
2019-06-11 00:59:58,999 - DEBUG - Accuracy - epoch 95:  Train=99.042- Test=97.375
2019-06-11 01:00:02,482 - INFO - Train acc - epoch: 100:  99.056
2019-06-11 01:00:02,586 - INFO - Test acc - epoch:97.367
2019-06-11 01:00:02,586 - DEBUG - ---------------------------------------------------------------------
2019-06-11 01:00:03,618 - INFO - neurons= [100]
2019-06-11 01:00:03,621 - INFO - learning rate=0.003 momentum update=0.99 minibatch=100
2019-06-11 01:00:05,552 - DEBUG - Accuracy - epoch 0:  Train=88.221- Test=88.275
2019-06-11 01:00:11,083 - DEBUG - Accuracy - epoch 5:  Train=95.277- Test=94.925
2019-06-11 01:00:16,568 - DEBUG - Accuracy - epoch 10:  Train=96.825- Test=96.033
2019-06-11 01:00:22,046 - DEBUG - Accuracy - epoch 15:  Train=97.59- Test=96.583
2019-06-11 01:00:27,530 - DEBUG - Accuracy - epoch 20:  Train=98.008- Test=96.958
2019-06-11 01:00:33,033 - DEBUG - Accuracy - epoch 25:  Train=98.333- Test=97.183
2019-06-11 01:00:38,720 - DEBUG - Accuracy - epoch 30:  Train=98.546- Test=97.3
2019-06-11 01:00:44,298 - DEBUG - Accuracy - epoch 35:  Train=98.696- Test=97.392
2019-06-11 01:00:49,980 - DEBUG - Accuracy - epoch 40:  Train=98.798- Test=97.483
2019-06-11 01:00:55,716 - DEBUG - Accuracy - epoch 45:  Train=98.89- Test=97.483
2019-06-11 01:01:01,470 - DEBUG - Accuracy - epoch 50:  Train=98.967- Test=97.492
2019-06-11 01:01:07,266 - DEBUG - Accuracy - epoch 55:  Train=99.027- Test=97.5
2019-06-11 01:01:13,011 - DEBUG - Accuracy - epoch 60:  Train=99.065- Test=97.575
2019-06-11 01:01:18,801 - DEBUG - Accuracy - epoch 65:  Train=99.098- Test=97.575
2019-06-11 01:01:24,549 - DEBUG - Accuracy - epoch 70:  Train=99.14- Test=97.592
2019-06-11 01:01:30,311 - DEBUG - Accuracy - epoch 75:  Train=99.181- Test=97.633
2019-06-11 01:01:36,095 - DEBUG - Accuracy - epoch 80:  Train=99.204- Test=97.633
2019-06-11 01:01:41,843 - DEBUG - Accuracy - epoch 85:  Train=99.221- Test=97.642
2019-06-11 01:01:47,583 - DEBUG - Accuracy - epoch 90:  Train=99.244- Test=97.658
2019-06-11 01:01:53,351 - DEBUG - Accuracy - epoch 95:  Train=99.26- Test=97.658
2019-06-11 01:01:58,034 - INFO - Train acc - epoch: 100:  99.269
2019-06-11 01:01:58,207 - INFO - Test acc - epoch:97.65
2019-06-11 01:01:58,208 - DEBUG - ---------------------------------------------------------------------
2019-06-11 01:01:59,458 - INFO - neurons= [100]
2019-06-11 01:01:59,462 - INFO - learning rate=0.003 momentum update=0.99 minibatch=100
2019-06-11 01:02:01,446 - DEBUG - Accuracy - epoch 0:  Train=88.038- Test=88.05
2019-06-11 01:02:07,212 - DEBUG - Accuracy - epoch 5:  Train=95.465- Test=95.008
2019-06-11 01:02:12,978 - DEBUG - Accuracy - epoch 10:  Train=96.985- Test=96.3
2019-06-11 01:02:18,666 - DEBUG - Accuracy - epoch 15:  Train=97.725- Test=96.783
2019-06-11 01:02:24,409 - DEBUG - Accuracy - epoch 20:  Train=98.183- Test=97.083
2019-06-11 01:02:30,179 - DEBUG - Accuracy - epoch 25:  Train=98.444- Test=97.308
2019-06-11 01:02:35,933 - DEBUG - Accuracy - epoch 30:  Train=98.644- Test=97.425
2019-06-11 01:02:41,635 - DEBUG - Accuracy - epoch 35:  Train=98.781- Test=97.5
2019-06-11 01:02:47,399 - DEBUG - Accuracy - epoch 40:  Train=98.877- Test=97.508
2019-06-11 01:02:53,137 - DEBUG - Accuracy - epoch 45:  Train=98.931- Test=97.542
2019-06-11 01:02:58,920 - DEBUG - Accuracy - epoch 50:  Train=99.006- Test=97.533
2019-06-11 01:03:04,617 - DEBUG - Accuracy - epoch 55:  Train=99.067- Test=97.583
2019-06-11 01:03:10,355 - DEBUG - Accuracy - epoch 60:  Train=99.123- Test=97.6
2019-06-11 01:03:16,158 - DEBUG - Accuracy - epoch 65:  Train=99.142- Test=97.6
2019-06-11 01:03:21,919 - DEBUG - Accuracy - epoch 70:  Train=99.175- Test=97.583
2019-06-11 01:03:28,082 - DEBUG - Accuracy - epoch 75:  Train=99.194- Test=97.575
2019-06-11 01:03:33,804 - DEBUG - Accuracy - epoch 80:  Train=99.225- Test=97.567
2019-06-11 01:03:39,540 - DEBUG - Accuracy - epoch 85:  Train=99.242- Test=97.575
2019-06-11 01:03:45,338 - DEBUG - Accuracy - epoch 90:  Train=99.254- Test=97.575
2019-06-11 01:03:51,072 - DEBUG - Accuracy - epoch 95:  Train=99.262- Test=97.608
2019-06-11 01:03:55,667 - INFO - Train acc - epoch: 100:  99.281
2019-06-11 01:03:55,839 - INFO - Test acc - epoch:97.608
2019-06-11 01:03:55,839 - DEBUG - ---------------------------------------------------------------------
2019-06-11 01:03:57,045 - INFO - neurons= [100]
2019-06-11 01:03:57,061 - INFO - learning rate=0.003 momentum update=0.99 minibatch=100
2019-06-11 01:03:58,942 - DEBUG - Accuracy - epoch 0:  Train=88.273- Test=87.942
2019-06-11 01:04:04,693 - DEBUG - Accuracy - epoch 5:  Train=95.423- Test=94.408
2019-06-11 01:04:10,476 - DEBUG - Accuracy - epoch 10:  Train=96.871- Test=95.792
2019-06-11 01:04:16,275 - DEBUG - Accuracy - epoch 15:  Train=97.66- Test=96.575
2019-06-11 01:04:22,065 - DEBUG - Accuracy - epoch 20:  Train=98.098- Test=96.908
2019-06-11 01:04:27,738 - DEBUG - Accuracy - epoch 25:  Train=98.404- Test=97.142
2019-06-11 01:04:33,502 - DEBUG - Accuracy - epoch 30:  Train=98.585- Test=97.258
2019-06-11 01:04:39,282 - DEBUG - Accuracy - epoch 35:  Train=98.71- Test=97.325
2019-06-11 01:04:45,082 - DEBUG - Accuracy - epoch 40:  Train=98.81- Test=97.475
2019-06-11 01:04:50,792 - DEBUG - Accuracy - epoch 45:  Train=98.902- Test=97.533
2019-06-11 01:04:56,591 - DEBUG - Accuracy - epoch 50:  Train=98.992- Test=97.558
2019-06-11 01:05:02,365 - DEBUG - Accuracy - epoch 55:  Train=99.065- Test=97.592
2019-06-11 01:05:08,161 - DEBUG - Accuracy - epoch 60:  Train=99.096- Test=97.592
2019-06-11 01:05:13,893 - DEBUG - Accuracy - epoch 65:  Train=99.138- Test=97.633
2019-06-11 01:05:19,674 - DEBUG - Accuracy - epoch 70:  Train=99.177- Test=97.617
2019-06-11 01:05:25,455 - DEBUG - Accuracy - epoch 75:  Train=99.204- Test=97.625
2019-06-11 01:05:31,242 - DEBUG - Accuracy - epoch 80:  Train=99.229- Test=97.625
2019-06-11 01:05:37,030 - DEBUG - Accuracy - epoch 85:  Train=99.246- Test=97.642
2019-06-11 01:05:42,758 - DEBUG - Accuracy - epoch 90:  Train=99.267- Test=97.633
2019-06-11 01:05:48,535 - DEBUG - Accuracy - epoch 95:  Train=99.277- Test=97.642
2019-06-11 01:05:53,254 - INFO - Train acc - epoch: 100:  99.285
2019-06-11 01:05:53,427 - INFO - Test acc - epoch:97.667
2019-06-11 01:05:53,427 - DEBUG - ---------------------------------------------------------------------
2019-06-11 01:05:54,557 - INFO - neurons= [100]
2019-06-11 01:05:54,565 - INFO - learning rate=0.003 momentum update=0.99 minibatch=100
2019-06-11 01:05:56,394 - DEBUG - Accuracy - epoch 0:  Train=88.613- Test=88.6
2019-06-11 01:06:02,180 - DEBUG - Accuracy - epoch 5:  Train=95.204- Test=94.3
2019-06-11 01:06:07,891 - DEBUG - Accuracy - epoch 10:  Train=96.802- Test=95.683
2019-06-11 01:06:13,663 - DEBUG - Accuracy - epoch 15:  Train=97.538- Test=96.292
2019-06-11 01:06:19,595 - DEBUG - Accuracy - epoch 20:  Train=98.006- Test=96.717
2019-06-11 01:06:25,358 - DEBUG - Accuracy - epoch 25:  Train=98.281- Test=96.858
2019-06-11 01:06:31,112 - DEBUG - Accuracy - epoch 30:  Train=98.477- Test=97.008
2019-06-11 01:06:36,859 - DEBUG - Accuracy - epoch 35:  Train=98.64- Test=97.158
2019-06-11 01:06:42,604 - DEBUG - Accuracy - epoch 40:  Train=98.733- Test=97.217
2019-06-11 01:06:48,363 - DEBUG - Accuracy - epoch 45:  Train=98.819- Test=97.292
2019-06-11 01:06:54,026 - DEBUG - Accuracy - epoch 50:  Train=98.906- Test=97.342
2019-06-11 01:06:59,721 - DEBUG - Accuracy - epoch 55:  Train=98.965- Test=97.35
2019-06-11 01:07:05,489 - DEBUG - Accuracy - epoch 60:  Train=99.019- Test=97.375
2019-06-11 01:07:11,246 - DEBUG - Accuracy - epoch 65:  Train=99.054- Test=97.4
2019-06-11 01:07:16,948 - DEBUG - Accuracy - epoch 70:  Train=99.077- Test=97.408
2019-06-11 01:07:22,715 - DEBUG - Accuracy - epoch 75:  Train=99.104- Test=97.442
2019-06-11 01:07:28,494 - DEBUG - Accuracy - epoch 80:  Train=99.127- Test=97.458
2019-06-11 01:07:34,268 - DEBUG - Accuracy - epoch 85:  Train=99.148- Test=97.475
2019-06-11 01:07:39,970 - DEBUG - Accuracy - epoch 90:  Train=99.158- Test=97.467
2019-06-11 01:07:46,209 - DEBUG - Accuracy - epoch 95:  Train=99.169- Test=97.483
2019-06-11 01:07:50,858 - INFO - Train acc - epoch: 100:  99.183
2019-06-11 01:07:50,992 - INFO - Test acc - epoch:97.5
2019-06-11 01:07:50,992 - DEBUG - ---------------------------------------------------------------------
2019-06-11 01:07:55,225 - INFO - neurons= [100]
2019-06-11 01:07:55,554 - INFO - learning rate=0.003 momentum update=0.99 minibatch=100
2019-06-11 01:07:57,531 - DEBUG - Accuracy - epoch 0:  Train=88.877- Test=88.433
2019-06-11 01:08:03,286 - DEBUG - Accuracy - epoch 5:  Train=95.473- Test=94.8
2019-06-11 01:08:09,008 - DEBUG - Accuracy - epoch 10:  Train=96.931- Test=96.033
2019-06-11 01:08:14,792 - DEBUG - Accuracy - epoch 15:  Train=97.694- Test=96.542
2019-06-11 01:08:20,562 - DEBUG - Accuracy - epoch 20:  Train=98.104- Test=96.75
2019-06-11 01:08:26,319 - DEBUG - Accuracy - epoch 25:  Train=98.394- Test=97.017
2019-06-11 01:08:32,013 - DEBUG - Accuracy - epoch 30:  Train=98.6- Test=97.183
2019-06-11 01:08:37,771 - DEBUG - Accuracy - epoch 35:  Train=98.746- Test=97.342
2019-06-11 01:08:43,525 - DEBUG - Accuracy - epoch 40:  Train=98.867- Test=97.375
2019-06-11 01:08:49,293 - DEBUG - Accuracy - epoch 45:  Train=98.96- Test=97.392
2019-06-11 01:08:55,006 - DEBUG - Accuracy - epoch 50:  Train=99.017- Test=97.458
2019-06-11 01:09:00,778 - DEBUG - Accuracy - epoch 55:  Train=99.075- Test=97.475
2019-06-11 01:09:06,545 - DEBUG - Accuracy - epoch 60:  Train=99.112- Test=97.492
2019-06-11 01:09:12,306 - DEBUG - Accuracy - epoch 65:  Train=99.144- Test=97.5
2019-06-11 01:09:18,038 - DEBUG - Accuracy - epoch 70:  Train=99.171- Test=97.483
2019-06-11 01:09:23,813 - DEBUG - Accuracy - epoch 75:  Train=99.185- Test=97.483
2019-06-11 01:09:29,644 - DEBUG - Accuracy - epoch 80:  Train=99.212- Test=97.517
2019-06-11 01:09:35,410 - DEBUG - Accuracy - epoch 85:  Train=99.227- Test=97.533
2019-06-11 01:09:41,104 - DEBUG - Accuracy - epoch 90:  Train=99.244- Test=97.558
2019-06-11 01:09:46,876 - DEBUG - Accuracy - epoch 95:  Train=99.25- Test=97.575
2019-06-11 01:09:51,568 - INFO - Train acc - epoch: 100:  99.262
2019-06-11 01:09:51,695 - INFO - Test acc - epoch:97.575
2019-06-11 01:09:51,695 - DEBUG - ---------------------------------------------------------------------
2019-06-11 01:09:53,441 - INFO - neurons= [200]
2019-06-11 01:09:53,447 - INFO - learning rate=0.003 momentum update=0.99 minibatch=100
2019-06-11 01:09:57,531 - DEBUG - Accuracy - epoch 0:  Train=88.785- Test=88.742
2019-06-11 01:10:07,577 - DEBUG - Accuracy - epoch 5:  Train=95.723- Test=95.342
2019-06-11 01:10:17,922 - DEBUG - Accuracy - epoch 10:  Train=97.342- Test=96.55
2019-06-11 01:10:28,032 - DEBUG - Accuracy - epoch 15:  Train=98.085- Test=97.142
2019-06-11 01:10:38,160 - DEBUG - Accuracy - epoch 20:  Train=98.408- Test=97.417
2019-06-11 01:10:48,265 - DEBUG - Accuracy - epoch 25:  Train=98.702- Test=97.558
2019-06-11 01:10:58,349 - DEBUG - Accuracy - epoch 30:  Train=98.865- Test=97.692
2019-06-11 01:11:08,417 - DEBUG - Accuracy - epoch 35:  Train=98.962- Test=97.783
2019-06-11 01:11:18,488 - DEBUG - Accuracy - epoch 40:  Train=99.062- Test=97.833
2019-06-11 01:11:28,745 - DEBUG - Accuracy - epoch 45:  Train=99.162- Test=97.875
2019-06-11 01:11:39,041 - DEBUG - Accuracy - epoch 50:  Train=99.223- Test=97.95
2019-06-11 01:11:49,139 - DEBUG - Accuracy - epoch 55:  Train=99.279- Test=97.925
2019-06-11 01:11:59,252 - DEBUG - Accuracy - epoch 60:  Train=99.317- Test=97.933
2019-06-11 01:12:09,380 - DEBUG - Accuracy - epoch 65:  Train=99.348- Test=97.942
2019-06-11 01:12:19,479 - DEBUG - Accuracy - epoch 70:  Train=99.379- Test=97.967
2019-06-11 01:12:29,531 - DEBUG - Accuracy - epoch 75:  Train=99.402- Test=97.975
2019-06-11 01:12:39,576 - DEBUG - Accuracy - epoch 80:  Train=99.408- Test=97.975
2019-06-11 01:12:49,615 - DEBUG - Accuracy - epoch 85:  Train=99.419- Test=97.958
2019-06-11 01:12:59,679 - DEBUG - Accuracy - epoch 90:  Train=99.427- Test=97.942
2019-06-11 01:13:09,739 - DEBUG - Accuracy - epoch 95:  Train=99.444- Test=97.958
2019-06-11 01:13:17,825 - INFO - Train acc - epoch: 100:  99.446
2019-06-11 01:13:18,069 - INFO - Test acc - epoch:97.992
2019-06-11 01:13:18,069 - DEBUG - ---------------------------------------------------------------------
2019-06-11 01:13:21,799 - INFO - neurons= [200]
2019-06-11 01:13:22,265 - INFO - learning rate=0.003 momentum update=0.99 minibatch=100
2019-06-11 01:13:25,188 - DEBUG - Accuracy - epoch 0:  Train=88.654- Test=88.492
2019-06-11 01:13:35,346 - DEBUG - Accuracy - epoch 5:  Train=95.633- Test=95.4
2019-06-11 01:13:45,523 - DEBUG - Accuracy - epoch 10:  Train=97.304- Test=96.717
2019-06-11 01:13:55,655 - DEBUG - Accuracy - epoch 15:  Train=98.052- Test=97.217
2019-06-11 01:14:05,777 - DEBUG - Accuracy - epoch 20:  Train=98.479- Test=97.475
2019-06-11 01:14:15,847 - DEBUG - Accuracy - epoch 25:  Train=98.702- Test=97.658
2019-06-11 01:14:26,142 - DEBUG - Accuracy - epoch 30:  Train=98.862- Test=97.75
2019-06-11 01:14:36,314 - DEBUG - Accuracy - epoch 35:  Train=99.002- Test=97.825
2019-06-11 01:14:46,448 - DEBUG - Accuracy - epoch 40:  Train=99.083- Test=97.867
2019-06-11 01:14:56,611 - DEBUG - Accuracy - epoch 45:  Train=99.156- Test=97.892
2019-06-11 01:15:06,756 - DEBUG - Accuracy - epoch 50:  Train=99.215- Test=97.892
2019-06-11 01:15:16,854 - DEBUG - Accuracy - epoch 55:  Train=99.26- Test=97.917
2019-06-11 01:15:26,931 - DEBUG - Accuracy - epoch 60:  Train=99.308- Test=97.908
2019-06-11 01:15:37,229 - DEBUG - Accuracy - epoch 65:  Train=99.344- Test=97.908
2019-06-11 01:15:47,402 - DEBUG - Accuracy - epoch 70:  Train=99.369- Test=97.95
2019-06-11 01:15:57,595 - DEBUG - Accuracy - epoch 75:  Train=99.381- Test=97.95
2019-06-11 01:16:07,759 - DEBUG - Accuracy - epoch 80:  Train=99.402- Test=97.958
2019-06-11 01:16:17,891 - DEBUG - Accuracy - epoch 85:  Train=99.419- Test=97.967
2019-06-11 01:16:28,312 - DEBUG - Accuracy - epoch 90:  Train=99.435- Test=97.925
2019-06-11 01:16:38,617 - DEBUG - Accuracy - epoch 95:  Train=99.446- Test=97.95
2019-06-11 01:16:46,828 - INFO - Train acc - epoch: 100:  99.456
2019-06-11 01:16:47,072 - INFO - Test acc - epoch:97.958
2019-06-11 01:16:47,072 - DEBUG - ---------------------------------------------------------------------
2019-06-11 01:16:48,565 - INFO - neurons= [200]
2019-06-11 01:16:48,574 - INFO - learning rate=0.003 momentum update=0.99 minibatch=100
2019-06-11 01:16:51,849 - DEBUG - Accuracy - epoch 0:  Train=88.398- Test=87.975
2019-06-11 01:17:01,988 - DEBUG - Accuracy - epoch 5:  Train=95.781- Test=94.967
2019-06-11 01:17:12,096 - DEBUG - Accuracy - epoch 10:  Train=97.292- Test=96.267
2019-06-11 01:17:22,394 - DEBUG - Accuracy - epoch 15:  Train=97.988- Test=96.992
2019-06-11 01:17:32,512 - DEBUG - Accuracy - epoch 20:  Train=98.373- Test=97.292
2019-06-11 01:17:42,699 - DEBUG - Accuracy - epoch 25:  Train=98.71- Test=97.55
2019-06-11 01:17:52,853 - DEBUG - Accuracy - epoch 30:  Train=98.85- Test=97.675
2019-06-11 01:18:02,994 - DEBUG - Accuracy - epoch 35:  Train=98.975- Test=97.725
2019-06-11 01:18:13,094 - DEBUG - Accuracy - epoch 40:  Train=99.092- Test=97.708
2019-06-11 01:18:23,353 - DEBUG - Accuracy - epoch 45:  Train=99.173- Test=97.783
2019-06-11 01:18:33,519 - DEBUG - Accuracy - epoch 50:  Train=99.225- Test=97.808
2019-06-11 01:18:43,691 - DEBUG - Accuracy - epoch 55:  Train=99.271- Test=97.808
2019-06-11 01:18:53,910 - DEBUG - Accuracy - epoch 60:  Train=99.315- Test=97.808
2019-06-11 01:19:04,055 - DEBUG - Accuracy - epoch 65:  Train=99.338- Test=97.817
2019-06-11 01:19:14,169 - DEBUG - Accuracy - epoch 70:  Train=99.367- Test=97.808
2019-06-11 01:19:24,570 - DEBUG - Accuracy - epoch 75:  Train=99.392- Test=97.833
2019-06-11 01:19:34,779 - DEBUG - Accuracy - epoch 80:  Train=99.413- Test=97.858
2019-06-11 01:19:44,960 - DEBUG - Accuracy - epoch 85:  Train=99.427- Test=97.833
2019-06-11 01:19:55,077 - DEBUG - Accuracy - epoch 90:  Train=99.446- Test=97.867
2019-06-11 01:20:05,171 - DEBUG - Accuracy - epoch 95:  Train=99.458- Test=97.867
2019-06-11 01:20:13,247 - INFO - Train acc - epoch: 100:  99.467
2019-06-11 01:20:13,519 - INFO - Test acc - epoch:97.858
2019-06-11 01:20:13,519 - DEBUG - ---------------------------------------------------------------------
2019-06-11 01:20:16,552 - INFO - neurons= [200]
2019-06-11 01:20:17,832 - INFO - learning rate=0.003 momentum update=0.99 minibatch=100
2019-06-11 01:20:20,897 - DEBUG - Accuracy - epoch 0:  Train=89.11- Test=88.975
2019-06-11 01:20:31,048 - DEBUG - Accuracy - epoch 5:  Train=95.71- Test=94.708
2019-06-11 01:20:41,172 - DEBUG - Accuracy - epoch 10:  Train=97.204- Test=96.258
2019-06-11 01:20:51,239 - DEBUG - Accuracy - epoch 15:  Train=97.956- Test=96.742
2019-06-11 01:21:01,289 - DEBUG - Accuracy - epoch 20:  Train=98.394- Test=97.033
2019-06-11 01:21:11,563 - DEBUG - Accuracy - epoch 25:  Train=98.665- Test=97.2
2019-06-11 01:21:22,095 - DEBUG - Accuracy - epoch 30:  Train=98.84- Test=97.292
2019-06-11 01:21:32,256 - DEBUG - Accuracy - epoch 35:  Train=98.969- Test=97.433
2019-06-11 01:21:42,356 - DEBUG - Accuracy - epoch 40:  Train=99.044- Test=97.533
2019-06-11 01:21:52,682 - DEBUG - Accuracy - epoch 45:  Train=99.129- Test=97.625
2019-06-11 01:22:02,840 - DEBUG - Accuracy - epoch 50:  Train=99.192- Test=97.642
2019-06-11 01:22:13,012 - DEBUG - Accuracy - epoch 55:  Train=99.24- Test=97.683
2019-06-11 01:22:23,170 - DEBUG - Accuracy - epoch 60:  Train=99.294- Test=97.708
2019-06-11 01:22:33,280 - DEBUG - Accuracy - epoch 65:  Train=99.329- Test=97.725
2019-06-11 01:22:43,348 - DEBUG - Accuracy - epoch 70:  Train=99.354- Test=97.717
2019-06-11 01:22:53,425 - DEBUG - Accuracy - epoch 75:  Train=99.381- Test=97.725
2019-06-11 01:23:03,725 - DEBUG - Accuracy - epoch 80:  Train=99.402- Test=97.733
2019-06-11 01:23:13,890 - DEBUG - Accuracy - epoch 85:  Train=99.419- Test=97.717
2019-06-11 01:23:24,095 - DEBUG - Accuracy - epoch 90:  Train=99.438- Test=97.742
2019-06-11 01:23:34,373 - DEBUG - Accuracy - epoch 95:  Train=99.442- Test=97.742
2019-06-11 01:23:42,521 - INFO - Train acc - epoch: 100:  99.454
2019-06-11 01:23:42,749 - INFO - Test acc - epoch:97.733
2019-06-11 01:23:42,749 - DEBUG - ---------------------------------------------------------------------
2019-06-11 01:23:46,404 - INFO - neurons= [200]
2019-06-11 01:23:46,552 - INFO - learning rate=0.003 momentum update=0.99 minibatch=100
2019-06-11 01:23:49,586 - DEBUG - Accuracy - epoch 0:  Train=89.344- Test=89.033
2019-06-11 01:23:59,779 - DEBUG - Accuracy - epoch 5:  Train=95.84- Test=95.183
2019-06-11 01:24:09,980 - DEBUG - Accuracy - epoch 10:  Train=97.308- Test=96.375
2019-06-11 01:24:20,179 - DEBUG - Accuracy - epoch 15:  Train=98.031- Test=97.008
2019-06-11 01:24:30,338 - DEBUG - Accuracy - epoch 20:  Train=98.44- Test=97.25
2019-06-11 01:24:40,437 - DEBUG - Accuracy - epoch 25:  Train=98.679- Test=97.517
2019-06-11 01:24:50,676 - DEBUG - Accuracy - epoch 30:  Train=98.856- Test=97.567
2019-06-11 01:25:01,096 - DEBUG - Accuracy - epoch 35:  Train=98.988- Test=97.633
2019-06-11 01:25:11,284 - DEBUG - Accuracy - epoch 40:  Train=99.081- Test=97.683
2019-06-11 01:25:21,436 - DEBUG - Accuracy - epoch 45:  Train=99.146- Test=97.708
2019-06-11 01:25:31,551 - DEBUG - Accuracy - epoch 50:  Train=99.215- Test=97.725
2019-06-11 01:25:41,939 - DEBUG - Accuracy - epoch 55:  Train=99.256- Test=97.708
2019-06-11 01:25:52,115 - DEBUG - Accuracy - epoch 60:  Train=99.298- Test=97.742
2019-06-11 01:26:02,298 - DEBUG - Accuracy - epoch 65:  Train=99.335- Test=97.767
2019-06-11 01:26:12,453 - DEBUG - Accuracy - epoch 70:  Train=99.356- Test=97.783
2019-06-11 01:26:22,728 - DEBUG - Accuracy - epoch 75:  Train=99.381- Test=97.8
2019-06-11 01:26:33,101 - DEBUG - Accuracy - epoch 80:  Train=99.387- Test=97.808
2019-06-11 01:26:43,308 - DEBUG - Accuracy - epoch 85:  Train=99.402- Test=97.783
2019-06-11 01:26:53,457 - DEBUG - Accuracy - epoch 90:  Train=99.415- Test=97.792
2019-06-11 01:27:03,594 - DEBUG - Accuracy - epoch 95:  Train=99.425- Test=97.783
2019-06-11 01:27:11,728 - INFO - Train acc - epoch: 100:  99.431
2019-06-11 01:27:11,976 - INFO - Test acc - epoch:97.767
2019-06-11 01:27:11,976 - DEBUG - ---------------------------------------------------------------------
2019-06-11 01:27:14,095 - INFO - neurons= [300]
2019-06-11 01:27:14,176 - INFO - learning rate=0.003 momentum update=0.99 minibatch=100
2019-06-11 01:27:18,422 - DEBUG - Accuracy - epoch 0:  Train=88.971- Test=89.008
2019-06-11 01:27:33,824 - DEBUG - Accuracy - epoch 5:  Train=95.808- Test=95.208
2019-06-11 01:27:49,298 - DEBUG - Accuracy - epoch 10:  Train=97.458- Test=96.667
2019-06-11 01:28:04,780 - DEBUG - Accuracy - epoch 15:  Train=98.112- Test=97.167
2019-06-11 01:28:20,266 - DEBUG - Accuracy - epoch 20:  Train=98.502- Test=97.442
2019-06-11 01:28:35,746 - DEBUG - Accuracy - epoch 25:  Train=98.769- Test=97.6
2019-06-11 01:28:51,211 - DEBUG - Accuracy - epoch 30:  Train=98.938- Test=97.742
2019-06-11 01:29:06,688 - DEBUG - Accuracy - epoch 35:  Train=99.071- Test=97.842
2019-06-11 01:29:22,150 - DEBUG - Accuracy - epoch 40:  Train=99.154- Test=97.917
2019-06-11 01:29:37,675 - DEBUG - Accuracy - epoch 45:  Train=99.235- Test=97.967
2019-06-11 01:29:53,177 - DEBUG - Accuracy - epoch 50:  Train=99.3- Test=98.008
2019-06-11 01:30:08,688 - DEBUG - Accuracy - epoch 55:  Train=99.335- Test=98.017
2019-06-11 01:30:24,101 - DEBUG - Accuracy - epoch 60:  Train=99.381- Test=97.983
2019-06-11 01:30:39,589 - DEBUG - Accuracy - epoch 65:  Train=99.404- Test=97.975
2019-06-11 01:30:55,091 - DEBUG - Accuracy - epoch 70:  Train=99.429- Test=97.967
2019-06-11 01:31:10,572 - DEBUG - Accuracy - epoch 75:  Train=99.452- Test=97.967
2019-06-11 01:31:26,235 - DEBUG - Accuracy - epoch 80:  Train=99.469- Test=97.983
2019-06-11 01:31:41,753 - DEBUG - Accuracy - epoch 85:  Train=99.485- Test=97.992
2019-06-11 01:31:57,238 - DEBUG - Accuracy - epoch 90:  Train=99.494- Test=98.008
2019-06-11 01:32:12,747 - DEBUG - Accuracy - epoch 95:  Train=99.504- Test=98.017
2019-06-11 01:32:25,091 - INFO - Train acc - epoch: 100:  99.508
2019-06-11 01:32:25,412 - INFO - Test acc - epoch:98.008
2019-06-11 01:32:25,412 - DEBUG - ---------------------------------------------------------------------
2019-06-11 01:32:27,465 - INFO - neurons= [300]
2019-06-11 01:32:27,476 - INFO - learning rate=0.003 momentum update=0.99 minibatch=100
2019-06-11 01:32:31,719 - DEBUG - Accuracy - epoch 0:  Train=89.079- Test=88.992
2019-06-11 01:32:46,849 - DEBUG - Accuracy - epoch 5:  Train=95.74- Test=95.3
2019-06-11 01:33:02,074 - DEBUG - Accuracy - epoch 10:  Train=97.36- Test=96.583
2019-06-11 01:33:17,300 - DEBUG - Accuracy - epoch 15:  Train=98.094- Test=96.95
2019-06-11 01:33:32,527 - DEBUG - Accuracy - epoch 20:  Train=98.502- Test=97.358
2019-06-11 01:33:47,750 - DEBUG - Accuracy - epoch 25:  Train=98.744- Test=97.55
2019-06-11 01:34:02,925 - DEBUG - Accuracy - epoch 30:  Train=98.938- Test=97.65
2019-06-11 01:34:18,169 - DEBUG - Accuracy - epoch 35:  Train=99.05- Test=97.75
2019-06-11 01:34:33,315 - DEBUG - Accuracy - epoch 40:  Train=99.148- Test=97.8
2019-06-11 01:34:48,597 - DEBUG - Accuracy - epoch 45:  Train=99.219- Test=97.883
2019-06-11 01:35:03,816 - DEBUG - Accuracy - epoch 50:  Train=99.302- Test=97.867
2019-06-11 01:35:19,007 - DEBUG - Accuracy - epoch 55:  Train=99.338- Test=97.875
2019-06-11 01:35:34,172 - DEBUG - Accuracy - epoch 60:  Train=99.377- Test=97.9
2019-06-11 01:35:49,413 - DEBUG - Accuracy - epoch 65:  Train=99.408- Test=97.942
2019-06-11 01:36:04,862 - DEBUG - Accuracy - epoch 70:  Train=99.433- Test=97.942
2019-06-11 01:36:21,445 - DEBUG - Accuracy - epoch 75:  Train=99.462- Test=97.95
2019-06-11 01:36:37,336 - DEBUG - Accuracy - epoch 80:  Train=99.479- Test=98.0
2019-06-11 01:36:52,588 - DEBUG - Accuracy - epoch 85:  Train=99.492- Test=98.008
2019-06-11 01:37:07,843 - DEBUG - Accuracy - epoch 90:  Train=99.508- Test=98.033
2019-06-11 01:37:23,058 - DEBUG - Accuracy - epoch 95:  Train=99.525- Test=98.05
2019-06-11 01:37:35,279 - INFO - Train acc - epoch: 100:  99.538
2019-06-11 01:37:35,678 - INFO - Test acc - epoch:98.058
2019-06-11 01:37:35,678 - DEBUG - ---------------------------------------------------------------------
2019-06-11 01:37:49,010 - INFO - neurons= [300]
2019-06-11 01:37:49,410 - INFO - learning rate=0.003 momentum update=0.99 minibatch=100
2019-06-11 01:37:53,793 - DEBUG - Accuracy - epoch 0:  Train=88.848- Test=88.633
2019-06-11 01:38:09,184 - DEBUG - Accuracy - epoch 5:  Train=95.775- Test=94.95
2019-06-11 01:38:24,425 - DEBUG - Accuracy - epoch 10:  Train=97.362- Test=96.4
2019-06-11 01:38:39,632 - DEBUG - Accuracy - epoch 15:  Train=98.135- Test=97.108
2019-06-11 01:38:54,837 - DEBUG - Accuracy - epoch 20:  Train=98.544- Test=97.375
2019-06-11 01:39:10,087 - DEBUG - Accuracy - epoch 25:  Train=98.792- Test=97.492
2019-06-11 01:39:25,320 - DEBUG - Accuracy - epoch 30:  Train=98.988- Test=97.592
2019-06-11 01:39:40,530 - DEBUG - Accuracy - epoch 35:  Train=99.14- Test=97.708
2019-06-11 01:39:55,819 - DEBUG - Accuracy - epoch 40:  Train=99.246- Test=97.75
2019-06-11 01:40:11,013 - DEBUG - Accuracy - epoch 45:  Train=99.315- Test=97.8
2019-06-11 01:40:26,225 - DEBUG - Accuracy - epoch 50:  Train=99.365- Test=97.85
2019-06-11 01:40:41,403 - DEBUG - Accuracy - epoch 55:  Train=99.413- Test=97.925
2019-06-11 01:40:56,657 - DEBUG - Accuracy - epoch 60:  Train=99.442- Test=97.925
2019-06-11 01:41:11,924 - DEBUG - Accuracy - epoch 65:  Train=99.458- Test=97.942
2019-06-11 01:41:27,301 - DEBUG - Accuracy - epoch 70:  Train=99.477- Test=97.958
2019-06-11 01:41:42,542 - DEBUG - Accuracy - epoch 75:  Train=99.502- Test=97.992
2019-06-11 01:41:57,716 - DEBUG - Accuracy - epoch 80:  Train=99.512- Test=97.992
2019-06-11 01:42:12,985 - DEBUG - Accuracy - epoch 85:  Train=99.523- Test=98.017
2019-06-11 01:42:28,222 - DEBUG - Accuracy - epoch 90:  Train=99.538- Test=98.033
2019-06-11 01:42:43,468 - DEBUG - Accuracy - epoch 95:  Train=99.546- Test=98.05
2019-06-11 01:42:55,630 - INFO - Train acc - epoch: 100:  99.554
2019-06-11 01:42:55,962 - INFO - Test acc - epoch:98.042
2019-06-11 01:42:55,962 - DEBUG - ---------------------------------------------------------------------
2019-06-11 01:43:02,429 - INFO - neurons= [300]
2019-06-11 01:43:02,579 - INFO - learning rate=0.003 momentum update=0.99 minibatch=100
2019-06-11 01:43:06,901 - DEBUG - Accuracy - epoch 0:  Train=89.238- Test=89.025
2019-06-11 01:43:22,096 - DEBUG - Accuracy - epoch 5:  Train=95.769- Test=94.933
2019-06-11 01:43:37,275 - DEBUG - Accuracy - epoch 10:  Train=97.39- Test=96.417
2019-06-11 01:43:52,505 - DEBUG - Accuracy - epoch 15:  Train=98.152- Test=97.025
2019-06-11 01:44:07,738 - DEBUG - Accuracy - epoch 20:  Train=98.546- Test=97.367
2019-06-11 01:44:22,990 - DEBUG - Accuracy - epoch 25:  Train=98.767- Test=97.517
2019-06-11 01:44:38,258 - DEBUG - Accuracy - epoch 30:  Train=98.952- Test=97.667
2019-06-11 01:44:53,447 - DEBUG - Accuracy - epoch 35:  Train=99.079- Test=97.725
2019-06-11 01:45:08,646 - DEBUG - Accuracy - epoch 40:  Train=99.194- Test=97.808
2019-06-11 01:45:23,902 - DEBUG - Accuracy - epoch 45:  Train=99.271- Test=97.867
2019-06-11 01:45:39,081 - DEBUG - Accuracy - epoch 50:  Train=99.325- Test=97.917
2019-06-11 01:45:54,344 - DEBUG - Accuracy - epoch 55:  Train=99.369- Test=97.933
2019-06-11 01:46:09,564 - DEBUG - Accuracy - epoch 60:  Train=99.4- Test=97.917
2019-06-11 01:46:24,943 - DEBUG - Accuracy - epoch 65:  Train=99.431- Test=97.942
2019-06-11 01:46:40,228 - DEBUG - Accuracy - epoch 70:  Train=99.45- Test=97.958
2019-06-11 01:46:55,469 - DEBUG - Accuracy - epoch 75:  Train=99.475- Test=97.958
2019-06-11 01:47:10,731 - DEBUG - Accuracy - epoch 80:  Train=99.492- Test=98.0
2019-06-11 01:47:25,979 - DEBUG - Accuracy - epoch 85:  Train=99.515- Test=98.008
2019-06-11 01:47:41,243 - DEBUG - Accuracy - epoch 90:  Train=99.523- Test=98.008
2019-06-11 01:47:56,502 - DEBUG - Accuracy - epoch 95:  Train=99.538- Test=98.025
2019-06-11 01:48:08,723 - INFO - Train acc - epoch: 100:  99.542
2019-06-11 01:48:09,077 - INFO - Test acc - epoch:98.008
2019-06-11 01:48:09,077 - DEBUG - ---------------------------------------------------------------------
2019-06-11 01:48:11,123 - INFO - neurons= [300]
2019-06-11 01:48:11,148 - INFO - learning rate=0.003 momentum update=0.99 minibatch=100
2019-06-11 01:48:15,405 - DEBUG - Accuracy - epoch 0:  Train=89.587- Test=89.242
2019-06-11 01:48:30,622 - DEBUG - Accuracy - epoch 5:  Train=95.808- Test=95.092
2019-06-11 01:48:45,857 - DEBUG - Accuracy - epoch 10:  Train=97.385- Test=96.508
2019-06-11 01:49:01,159 - DEBUG - Accuracy - epoch 15:  Train=98.088- Test=97.008
2019-06-11 01:49:16,478 - DEBUG - Accuracy - epoch 20:  Train=98.517- Test=97.183
2019-06-11 01:49:31,806 - DEBUG - Accuracy - epoch 25:  Train=98.767- Test=97.45
2019-06-11 01:49:47,043 - DEBUG - Accuracy - epoch 30:  Train=98.946- Test=97.525
2019-06-11 01:50:02,351 - DEBUG - Accuracy - epoch 35:  Train=99.062- Test=97.583
2019-06-11 01:50:17,643 - DEBUG - Accuracy - epoch 40:  Train=99.138- Test=97.608
2019-06-11 01:50:32,859 - DEBUG - Accuracy - epoch 45:  Train=99.202- Test=97.658
2019-06-11 01:50:48,100 - DEBUG - Accuracy - epoch 50:  Train=99.279- Test=97.692
2019-06-11 01:51:03,411 - DEBUG - Accuracy - epoch 55:  Train=99.323- Test=97.675
2019-06-11 01:51:18,783 - DEBUG - Accuracy - epoch 60:  Train=99.354- Test=97.742
2019-06-11 01:51:34,167 - DEBUG - Accuracy - epoch 65:  Train=99.39- Test=97.758
2019-06-11 01:51:49,833 - DEBUG - Accuracy - epoch 70:  Train=99.41- Test=97.792
2019-06-11 01:52:05,180 - DEBUG - Accuracy - epoch 75:  Train=99.438- Test=97.817
2019-06-11 01:52:20,482 - DEBUG - Accuracy - epoch 80:  Train=99.454- Test=97.833
2019-06-11 01:52:35,793 - DEBUG - Accuracy - epoch 85:  Train=99.467- Test=97.833
2019-06-11 01:52:51,018 - DEBUG - Accuracy - epoch 90:  Train=99.475- Test=97.875
2019-06-11 01:53:06,264 - DEBUG - Accuracy - epoch 95:  Train=99.49- Test=97.892
2019-06-11 01:53:18,518 - INFO - Train acc - epoch: 100:  99.498
2019-06-11 01:53:18,847 - INFO - Test acc - epoch:97.917
2019-06-11 01:53:18,847 - DEBUG - ---------------------------------------------------------------------
2019-06-11 01:53:21,448 - INFO - neurons= [200, 100]
2019-06-11 01:53:21,470 - INFO - learning rate=0.003 momentum update=0.99 minibatch=100
2019-06-11 01:53:24,964 - DEBUG - Accuracy - epoch 0:  Train=20.415- Test=20.2
2019-06-11 01:53:37,122 - DEBUG - Accuracy - epoch 5:  Train=95.385- Test=94.833
2019-06-11 01:53:49,170 - DEBUG - Accuracy - epoch 10:  Train=97.892- Test=96.758
2019-06-11 01:54:01,327 - DEBUG - Accuracy - epoch 15:  Train=98.648- Test=97.233
2019-06-11 01:54:13,457 - DEBUG - Accuracy - epoch 20:  Train=99.054- Test=97.492
2019-06-11 01:54:25,616 - DEBUG - Accuracy - epoch 25:  Train=99.252- Test=97.625
2019-06-11 01:54:37,926 - DEBUG - Accuracy - epoch 30:  Train=99.39- Test=97.733
2019-06-11 01:54:50,421 - DEBUG - Accuracy - epoch 35:  Train=99.456- Test=97.725
2019-06-11 01:55:02,578 - DEBUG - Accuracy - epoch 40:  Train=99.494- Test=97.742
2019-06-11 01:55:14,689 - DEBUG - Accuracy - epoch 45:  Train=99.531- Test=97.8
2019-06-11 01:55:26,912 - DEBUG - Accuracy - epoch 50:  Train=99.546- Test=97.808
2019-06-11 01:55:39,045 - DEBUG - Accuracy - epoch 55:  Train=99.558- Test=97.85
2019-06-11 01:55:51,115 - DEBUG - Accuracy - epoch 60:  Train=99.579- Test=97.867
2019-06-11 01:56:03,433 - DEBUG - Accuracy - epoch 65:  Train=99.592- Test=97.817
2019-06-11 01:56:15,628 - DEBUG - Accuracy - epoch 70:  Train=99.604- Test=97.858
2019-06-11 01:56:29,574 - DEBUG - Accuracy - epoch 75:  Train=99.608- Test=97.792
2019-06-11 01:56:42,207 - DEBUG - Accuracy - epoch 80:  Train=99.617- Test=97.783
2019-06-11 01:56:54,951 - DEBUG - Accuracy - epoch 85:  Train=99.617- Test=97.792
2019-06-11 01:57:07,512 - DEBUG - Accuracy - epoch 90:  Train=99.619- Test=97.792
2019-06-11 01:57:20,967 - DEBUG - Accuracy - epoch 95:  Train=99.621- Test=97.792
2019-06-11 01:57:31,488 - INFO - Train acc - epoch: 100:  99.621
2019-06-11 01:57:31,765 - INFO - Test acc - epoch:97.8
2019-06-11 01:57:31,765 - DEBUG - ---------------------------------------------------------------------
2019-06-11 01:57:54,109 - INFO - neurons= [200, 100]
2019-06-11 01:57:54,882 - INFO - learning rate=0.003 momentum update=0.99 minibatch=100
2019-06-11 01:57:59,148 - DEBUG - Accuracy - epoch 0:  Train=21.84- Test=21.85
2019-06-11 01:58:21,699 - DEBUG - Accuracy - epoch 5:  Train=95.558- Test=95.067
2019-06-11 01:58:41,536 - DEBUG - Accuracy - epoch 10:  Train=97.727- Test=96.925
2019-06-11 01:58:55,104 - DEBUG - Accuracy - epoch 15:  Train=98.494- Test=97.325
2019-06-11 01:59:08,367 - DEBUG - Accuracy - epoch 20:  Train=98.89- Test=97.5
2019-06-11 01:59:20,678 - DEBUG - Accuracy - epoch 25:  Train=99.177- Test=97.567
2019-06-11 01:59:34,179 - DEBUG - Accuracy - epoch 30:  Train=99.302- Test=97.692
2019-06-11 01:59:48,354 - DEBUG - Accuracy - epoch 35:  Train=99.383- Test=97.667
2019-06-11 02:00:01,012 - DEBUG - Accuracy - epoch 40:  Train=99.442- Test=97.675
2019-06-11 02:00:14,866 - DEBUG - Accuracy - epoch 45:  Train=99.485- Test=97.667
2019-06-11 02:00:28,836 - DEBUG - Accuracy - epoch 50:  Train=99.512- Test=97.667
2019-06-11 02:00:42,265 - DEBUG - Accuracy - epoch 55:  Train=99.535- Test=97.717
2019-06-11 02:00:55,665 - DEBUG - Accuracy - epoch 60:  Train=99.554- Test=97.725
2019-06-11 02:01:08,512 - DEBUG - Accuracy - epoch 65:  Train=99.569- Test=97.733
2019-06-11 02:01:20,928 - DEBUG - Accuracy - epoch 70:  Train=99.577- Test=97.733
2019-06-11 02:01:46,366 - DEBUG - Accuracy - epoch 75:  Train=99.583- Test=97.783
2019-06-11 02:01:59,721 - DEBUG - Accuracy - epoch 80:  Train=99.59- Test=97.817
2019-06-11 02:02:13,034 - DEBUG - Accuracy - epoch 85:  Train=99.594- Test=97.85
2019-06-11 02:02:25,315 - DEBUG - Accuracy - epoch 90:  Train=99.592- Test=97.842
2019-06-11 02:02:38,288 - DEBUG - Accuracy - epoch 95:  Train=99.594- Test=97.817
2019-06-11 02:02:49,547 - INFO - Train acc - epoch: 100:  99.598
2019-06-11 02:02:49,863 - INFO - Test acc - epoch:97.817
2019-06-11 02:02:49,863 - DEBUG - ---------------------------------------------------------------------
2019-06-11 02:02:57,259 - INFO - neurons= [200, 100]
2019-06-11 02:02:58,123 - INFO - learning rate=0.003 momentum update=0.99 minibatch=100
2019-06-11 02:03:02,040 - DEBUG - Accuracy - epoch 0:  Train=20.681- Test=20.65
2019-06-11 02:03:16,413 - DEBUG - Accuracy - epoch 5:  Train=95.775- Test=94.858
2019-06-11 02:03:29,660 - DEBUG - Accuracy - epoch 10:  Train=97.973- Test=96.625
2019-06-11 02:03:41,920 - DEBUG - Accuracy - epoch 15:  Train=98.679- Test=97.05
2019-06-11 02:03:56,208 - DEBUG - Accuracy - epoch 20:  Train=99.098- Test=97.325
2019-06-11 02:04:09,729 - DEBUG - Accuracy - epoch 25:  Train=99.279- Test=97.45
